This file contains any messages produced by compilers while
running configure, to aid debugging if configure makes a mistake.

It was created by libgcrypt configure 1.6.6, which was
generated by GNU Autoconf 2.69.  Invocation command line was

  $ ./configure 

## --------- ##
## Platform. ##
## --------- ##

hostname = curacao.berndnet
uname -m = x86_64
uname -r = 4.8.15-300.fc25.x86_64
uname -s = Linux
uname -v = #1 SMP Thu Dec 15 23:10:23 UTC 2016

/usr/bin/uname -p = x86_64
/bin/uname -X     = unknown

/bin/arch              = x86_64
/usr/bin/arch -k       = unknown
/usr/convex/getsysinfo = unknown
/usr/bin/hostinfo      = unknown
/bin/machine           = unknown
/usr/bin/oslevel       = unknown
/bin/universe          = unknown

PATH: /home/bernd/bin
PATH: /home/bernd/.local/bin
PATH: /opt/Qt/Tools/QtInstallerFramework/2.0/bin
PATH: /opt/Qt/Tools/QtCreator/libexec/qtcreator/clang/bin
PATH: /opt/Qt/Tools/QtCreator/lib/Qt/bin
PATH: /opt/Qt/Tools/QtCreator/bin
PATH: /opt/Qt/5.7/android_armv7/bin
PATH: /opt/Qt/5.7/gcc_64/bin
PATH: /opt/android-studio/gradle/gradle-2.14.1/bin
PATH: /opt/android-studio/jre/jre/bin
PATH: /opt/android-studio/jre/bin
PATH: /opt/android-studio/bin
PATH: /opt/Android/Android/Sdk/tools/apps/SdkController/bin
PATH: /opt/Android/Android/Sdk/tools/proguard/bin
PATH: /opt/Android/Android/Sdk/extras/google/webdriver/SimpleApp/bin
PATH: /opt/Android/Android/Sdk/extras/google/webdriver/TestAnAndroidWebApp/bin
PATH: /opt/bin
PATH: /home/bernd/bin
PATH: /home/bernd/.local/bin
PATH: /opt/Qt/Tools/QtInstallerFramework/2.0/bin
PATH: /opt/Qt/Tools/QtCreator/libexec/qtcreator/clang/bin
PATH: /opt/Qt/Tools/QtCreator/lib/Qt/bin
PATH: /opt/Qt/Tools/QtCreator/bin
PATH: /opt/Qt/5.7/android_armv7/bin
PATH: /opt/Qt/5.7/gcc_64/bin
PATH: /opt/android-studio/gradle/gradle-2.14.1/bin
PATH: /opt/android-studio/jre/jre/bin
PATH: /opt/android-studio/jre/bin
PATH: /opt/android-studio/bin
PATH: /opt/Android/Android/Sdk/tools/apps/SdkController/bin
PATH: /opt/Android/Android/Sdk/tools/proguard/bin
PATH: /opt/Android/Android/Sdk/extras/google/webdriver/SimpleApp/bin
PATH: /opt/Android/Android/Sdk/extras/google/webdriver/TestAnAndroidWebApp/bin
PATH: /opt/bin
PATH: /usr/lib64/qt-3.3/bin
PATH: /usr/local/bin
PATH: /usr/local/sbin
PATH: /usr/bin
PATH: /usr/sbin
PATH: /home/bernd/bin
PATH: /home/bernd/.local/bin
PATH: /home/bernd/bin


## ----------- ##
## Core tests. ##
## ----------- ##

configure:2752: checking for a BSD-compatible install
configure:2820: result: /usr/bin/install -c
configure:2831: checking whether build environment is sane
configure:2886: result: yes
configure:3037: checking for a thread-safe mkdir -p
configure:3076: result: /usr/bin/mkdir -p
configure:3083: checking for gawk
configure:3099: found /usr/bin/gawk
configure:3110: result: gawk
configure:3121: checking whether make sets $(MAKE)
configure:3143: result: yes
configure:3172: checking whether make supports nested variables
configure:3189: result: yes
configure:3323: checking build system type
configure:3337: result: x86_64-unknown-linux-gnu
configure:3357: checking host system type
configure:3370: result: x86_64-unknown-linux-gnu
configure:3391: checking whether to enable maintainer-specific portions of Makefiles
configure:3400: result: no
configure:3424: checking whether make supports nested variables
configure:3441: result: yes
configure:3483: checking whether make sets $(MAKE)
configure:3505: result: yes
configure:3576: checking for gcc
configure:3592: found /usr/bin/gcc
configure:3603: result: gcc
configure:3832: checking for C compiler version
configure:3841: gcc --version >&5
gcc (GCC) 6.2.1 20160916 (Red Hat 6.2.1-2)
Copyright (C) 2016 Free Software Foundation, Inc.
This is free software; see the source for copying conditions.  There is NO
warranty; not even for MERCHANTABILITY or FITNESS FOR A PARTICULAR PURPOSE.

configure:3852: $? = 0
configure:3841: gcc -v >&5
Using built-in specs.
COLLECT_GCC=gcc
COLLECT_LTO_WRAPPER=/usr/libexec/gcc/x86_64-redhat-linux/6.2.1/lto-wrapper
Target: x86_64-redhat-linux
Configured with: ../configure --enable-bootstrap --enable-languages=c,c++,objc,obj-c++,fortran,ada,go,lto --prefix=/usr --mandir=/usr/share/man --infodir=/usr/share/info --with-bugurl=http://bugzilla.redhat.com/bugzilla --enable-shared --enable-threads=posix --enable-checking=release --enable-multilib --with-system-zlib --enable-__cxa_atexit --disable-libunwind-exceptions --enable-gnu-unique-object --enable-linker-build-id --with-linker-hash-style=gnu --enable-plugin --enable-initfini-array --disable-libgcj --with-isl --enable-libmpx --enable-gnu-indirect-function --with-tune=generic --with-arch_32=i686 --build=x86_64-redhat-linux
Thread model: posix
gcc version 6.2.1 20160916 (Red Hat 6.2.1-2) (GCC) 
configure:3852: $? = 0
configure:3841: gcc -V >&5
gcc: error: unrecognized command line option '-V'
gcc: fatal error: no input files
compilation terminated.
configure:3852: $? = 1
configure:3841: gcc -qversion >&5
gcc: error: unrecognized command line option '-qversion'; did you mean '--version'?
gcc: fatal error: no input files
compilation terminated.
configure:3852: $? = 1
configure:3872: checking whether the C compiler works
configure:3894: gcc    conftest.c  >&5
configure:3898: $? = 0
configure:3946: result: yes
configure:3949: checking for C compiler default output file name
configure:3951: result: a.out
configure:3957: checking for suffix of executables
configure:3964: gcc -o conftest    conftest.c  >&5
configure:3968: $? = 0
configure:3990: result: 
configure:4012: checking whether we are cross compiling
configure:4020: gcc -o conftest    conftest.c  >&5
configure:4024: $? = 0
configure:4031: ./conftest
configure:4035: $? = 0
configure:4050: result: no
configure:4055: checking for suffix of object files
configure:4077: gcc -c   conftest.c >&5
configure:4081: $? = 0
configure:4102: result: o
configure:4106: checking whether we are using the GNU C compiler
configure:4125: gcc -c   conftest.c >&5
configure:4125: $? = 0
configure:4134: result: yes
configure:4143: checking whether gcc accepts -g
configure:4163: gcc -c -g  conftest.c >&5
configure:4163: $? = 0
configure:4204: result: yes
configure:4221: checking for gcc option to accept ISO C89
configure:4284: gcc  -c -g -O2  conftest.c >&5
configure:4284: $? = 0
configure:4297: result: none needed
configure:4322: checking whether gcc understands -c and -o together
configure:4344: gcc -c conftest.c -o conftest2.o
configure:4347: $? = 0
configure:4344: gcc -c conftest.c -o conftest2.o
configure:4347: $? = 0
configure:4359: result: yes
configure:4387: checking for style of include used by make
configure:4415: result: GNU
configure:4441: checking dependency style of gcc
configure:4552: result: gcc3
configure:4572: checking how to run the C preprocessor
configure:4603: gcc -E  conftest.c
configure:4603: $? = 0
configure:4617: gcc -E  conftest.c
conftest.c:13:28: fatal error: ac_nonexistent.h: No such file or directory
 #include <ac_nonexistent.h>
                            ^
compilation terminated.
configure:4617: $? = 1
configure: failed program was:
| /* confdefs.h */
| #define PACKAGE_NAME "libgcrypt"
| #define PACKAGE_TARNAME "libgcrypt"
| #define PACKAGE_VERSION "1.6.6"
| #define PACKAGE_STRING "libgcrypt 1.6.6"
| #define PACKAGE_BUGREPORT "http://bugs.gnupg.org"
| #define PACKAGE_URL ""
| #define PACKAGE "libgcrypt"
| #define VERSION "1.6.6"
| #define PACKAGE "libgcrypt"
| #define VERSION "1.6.6"
| /* end confdefs.h.  */
| #include <ac_nonexistent.h>
configure:4642: result: gcc -E
configure:4662: gcc -E  conftest.c
configure:4662: $? = 0
configure:4676: gcc -E  conftest.c
conftest.c:13:28: fatal error: ac_nonexistent.h: No such file or directory
 #include <ac_nonexistent.h>
                            ^
compilation terminated.
configure:4676: $? = 1
configure: failed program was:
| /* confdefs.h */
| #define PACKAGE_NAME "libgcrypt"
| #define PACKAGE_TARNAME "libgcrypt"
| #define PACKAGE_VERSION "1.6.6"
| #define PACKAGE_STRING "libgcrypt 1.6.6"
| #define PACKAGE_BUGREPORT "http://bugs.gnupg.org"
| #define PACKAGE_URL ""
| #define PACKAGE "libgcrypt"
| #define VERSION "1.6.6"
| #define PACKAGE "libgcrypt"
| #define VERSION "1.6.6"
| /* end confdefs.h.  */
| #include <ac_nonexistent.h>
configure:4714: checking dependency style of gcc
configure:4823: result: gcc3
configure:4839: checking for library containing strerror
configure:4870: gcc -o conftest -g -O2   conftest.c  >&5
configure:4870: $? = 0
configure:4887: result: none required
configure:4900: checking for gawk
configure:4927: result: gawk
configure:4940: checking for grep that handles long lines and -e
configure:4998: result: /usr/bin/grep
configure:5003: checking for egrep
configure:5065: result: /usr/bin/grep -E
configure:5070: checking for ANSI C header files
configure:5090: gcc -c -g -O2  conftest.c >&5
configure:5090: $? = 0
configure:5163: gcc -o conftest -g -O2   conftest.c  >&5
configure:5163: $? = 0
configure:5163: ./conftest
configure:5163: $? = 0
configure:5174: result: yes
configure:5187: checking for sys/types.h
configure:5187: gcc -c -g -O2  conftest.c >&5
configure:5187: $? = 0
configure:5187: result: yes
configure:5187: checking for sys/stat.h
configure:5187: gcc -c -g -O2  conftest.c >&5
configure:5187: $? = 0
configure:5187: result: yes
configure:5187: checking for stdlib.h
configure:5187: gcc -c -g -O2  conftest.c >&5
configure:5187: $? = 0
configure:5187: result: yes
configure:5187: checking for string.h
configure:5187: gcc -c -g -O2  conftest.c >&5
configure:5187: $? = 0
configure:5187: result: yes
configure:5187: checking for memory.h
configure:5187: gcc -c -g -O2  conftest.c >&5
configure:5187: $? = 0
configure:5187: result: yes
configure:5187: checking for strings.h
configure:5187: gcc -c -g -O2  conftest.c >&5
configure:5187: $? = 0
configure:5187: result: yes
configure:5187: checking for inttypes.h
configure:5187: gcc -c -g -O2  conftest.c >&5
configure:5187: $? = 0
configure:5187: result: yes
configure:5187: checking for stdint.h
configure:5187: gcc -c -g -O2  conftest.c >&5
configure:5187: $? = 0
configure:5187: result: yes
configure:5187: checking for unistd.h
configure:5187: gcc -c -g -O2  conftest.c >&5
configure:5187: $? = 0
configure:5187: result: yes
configure:5200: checking minix/config.h usability
configure:5200: gcc -c -g -O2  conftest.c >&5
conftest.c:56:26: fatal error: minix/config.h: No such file or directory
 #include <minix/config.h>
                          ^
compilation terminated.
configure:5200: $? = 1
configure: failed program was:
| /* confdefs.h */
| #define PACKAGE_NAME "libgcrypt"
| #define PACKAGE_TARNAME "libgcrypt"
| #define PACKAGE_VERSION "1.6.6"
| #define PACKAGE_STRING "libgcrypt 1.6.6"
| #define PACKAGE_BUGREPORT "http://bugs.gnupg.org"
| #define PACKAGE_URL ""
| #define PACKAGE "libgcrypt"
| #define VERSION "1.6.6"
| #define PACKAGE "libgcrypt"
| #define VERSION "1.6.6"
| #define STDC_HEADERS 1
| #define HAVE_SYS_TYPES_H 1
| #define HAVE_SYS_STAT_H 1
| #define HAVE_STDLIB_H 1
| #define HAVE_STRING_H 1
| #define HAVE_MEMORY_H 1
| #define HAVE_STRINGS_H 1
| #define HAVE_INTTYPES_H 1
| #define HAVE_STDINT_H 1
| #define HAVE_UNISTD_H 1
| /* end confdefs.h.  */
| #include <stdio.h>
| #ifdef HAVE_SYS_TYPES_H
| # include <sys/types.h>
| #endif
| #ifdef HAVE_SYS_STAT_H
| # include <sys/stat.h>
| #endif
| #ifdef STDC_HEADERS
| # include <stdlib.h>
| # include <stddef.h>
| #else
| # ifdef HAVE_STDLIB_H
| #  include <stdlib.h>
| # endif
| #endif
| #ifdef HAVE_STRING_H
| # if !defined STDC_HEADERS && defined HAVE_MEMORY_H
| #  include <memory.h>
| # endif
| # include <string.h>
| #endif
| #ifdef HAVE_STRINGS_H
| # include <strings.h>
| #endif
| #ifdef HAVE_INTTYPES_H
| # include <inttypes.h>
| #endif
| #ifdef HAVE_STDINT_H
| # include <stdint.h>
| #endif
| #ifdef HAVE_UNISTD_H
| # include <unistd.h>
| #endif
| #include <minix/config.h>
configure:5200: result: no
configure:5200: checking minix/config.h presence
configure:5200: gcc -E  conftest.c
conftest.c:23:26: fatal error: minix/config.h: No such file or directory
 #include <minix/config.h>
                          ^
compilation terminated.
configure:5200: $? = 1
configure: failed program was:
| /* confdefs.h */
| #define PACKAGE_NAME "libgcrypt"
| #define PACKAGE_TARNAME "libgcrypt"
| #define PACKAGE_VERSION "1.6.6"
| #define PACKAGE_STRING "libgcrypt 1.6.6"
| #define PACKAGE_BUGREPORT "http://bugs.gnupg.org"
| #define PACKAGE_URL ""
| #define PACKAGE "libgcrypt"
| #define VERSION "1.6.6"
| #define PACKAGE "libgcrypt"
| #define VERSION "1.6.6"
| #define STDC_HEADERS 1
| #define HAVE_SYS_TYPES_H 1
| #define HAVE_SYS_STAT_H 1
| #define HAVE_STDLIB_H 1
| #define HAVE_STRING_H 1
| #define HAVE_MEMORY_H 1
| #define HAVE_STRINGS_H 1
| #define HAVE_INTTYPES_H 1
| #define HAVE_STDINT_H 1
| #define HAVE_UNISTD_H 1
| /* end confdefs.h.  */
| #include <minix/config.h>
configure:5200: result: no
configure:5200: checking for minix/config.h
configure:5200: result: no
configure:5221: checking whether it is safe to define __EXTENSIONS__
configure:5239: gcc -c -g -O2  conftest.c >&5
configure:5239: $? = 0
configure:5246: result: yes
configure:5268: checking for cc for build
configure:5275: result: gcc
configure:5327: checking how to print strings
configure:5354: result: printf
configure:5375: checking for a sed that does not truncate output
configure:5439: result: /usr/bin/sed
configure:5457: checking for fgrep
configure:5519: result: /usr/bin/grep -F
configure:5554: checking for ld used by gcc
configure:5621: result: /usr/bin/ld
configure:5628: checking if the linker (/usr/bin/ld) is GNU ld
configure:5643: result: yes
configure:5655: checking for BSD- or MS-compatible name lister (nm)
configure:5704: result: /usr/bin/nm -B
configure:5834: checking the name lister (/usr/bin/nm -B) interface
configure:5841: gcc -c -g -O2  conftest.c >&5
configure:5844: /usr/bin/nm -B "conftest.o"
configure:5847: output
0000000000000000 B some_variable
configure:5854: result: BSD nm
configure:5857: checking whether ln -s works
configure:5861: result: yes
configure:5869: checking the maximum length of command line arguments
configure:5999: result: 1572864
configure:6016: checking whether the shell understands some XSI constructs
configure:6026: result: yes
configure:6030: checking whether the shell understands "+="
configure:6036: result: yes
configure:6071: checking how to convert x86_64-unknown-linux-gnu file names to x86_64-unknown-linux-gnu format
configure:6111: result: func_convert_file_noop
configure:6118: checking how to convert x86_64-unknown-linux-gnu file names to toolchain format
configure:6138: result: func_convert_file_noop
configure:6145: checking for /usr/bin/ld option to reload object files
configure:6152: result: -r
configure:6226: checking for objdump
configure:6242: found /usr/bin/objdump
configure:6253: result: objdump
configure:6282: checking how to recognize dependent libraries
configure:6484: result: pass_all
configure:6569: checking for dlltool
configure:6599: result: no
configure:6626: checking how to associate runtime and link libraries
configure:6653: result: printf %s\n
configure:6713: checking for ar
configure:6729: found /usr/bin/ar
configure:6740: result: ar
configure:6777: checking for archiver @FILE support
configure:6794: gcc -c -g -O2  conftest.c >&5
configure:6794: $? = 0
configure:6797: ar cru libconftest.a @conftest.lst >&5
configure:6800: $? = 0
configure:6805: ar cru libconftest.a @conftest.lst >&5
ar: conftest.o: No such file or directory
configure:6808: $? = 1
configure:6820: result: @
configure:6878: checking for strip
configure:6894: found /usr/bin/strip
configure:6905: result: strip
configure:6977: checking for ranlib
configure:6993: found /usr/bin/ranlib
configure:7004: result: ranlib
configure:7106: checking command to parse /usr/bin/nm -B output from gcc object
configure:7226: gcc -c -g -O2  conftest.c >&5
configure:7229: $? = 0
configure:7233: /usr/bin/nm -B conftest.o \| sed -n -e 's/^.*[ ]\([ABCDGIRSTW][ABCDGIRSTW]*\)[ ][ ]*\([_A-Za-z][_A-Za-z0-9]*\)$/\1 \2 \2/p' | sed '/ __gnu_lto/d' \> conftest.nm
configure:7236: $? = 0
configure:7302: gcc -o conftest -g -O2   conftest.c conftstm.o >&5
configure:7305: $? = 0
configure:7343: result: ok
configure:7380: checking for sysroot
configure:7410: result: no
configure:7487: gcc -c -g -O2  conftest.c >&5
configure:7490: $? = 0
configure:7672: checking for mt
configure:7702: result: no
configure:7722: checking if : is a manifest tool
configure:7728: : '-?'
configure:7736: result: no
configure:8375: checking for dlfcn.h
configure:8375: gcc -c -g -O2  conftest.c >&5
configure:8375: $? = 0
configure:8375: result: yes
configure:8878: checking for objdir
configure:8893: result: .libs
configure:9164: checking if gcc supports -fno-rtti -fno-exceptions
configure:9182: gcc -c -g -O2  -fno-rtti -fno-exceptions conftest.c >&5
cc1: warning: command line option '-fno-rtti' is valid for C++/ObjC++ but not for C
configure:9186: $? = 0
configure:9199: result: no
configure:9526: checking for gcc option to produce PIC
configure:9533: result: -fPIC -DPIC
configure:9541: checking if gcc PIC flag -fPIC -DPIC works
configure:9559: gcc -c -g -O2  -fPIC -DPIC -DPIC conftest.c >&5
configure:9563: $? = 0
configure:9576: result: yes
configure:9605: checking if gcc static flag -static works
configure:9633: result: no
configure:9648: checking if gcc supports -c -o file.o
configure:9669: gcc -c -g -O2  -o out/conftest2.o conftest.c >&5
configure:9673: $? = 0
configure:9695: result: yes
configure:9703: checking if gcc supports -c -o file.o
configure:9750: result: yes
configure:9783: checking whether the gcc linker (/usr/bin/ld -m elf_x86_64) supports shared libraries
configure:10940: result: yes
configure:10977: checking whether -lc should be explicitly linked in
configure:10985: gcc -c -g -O2  conftest.c >&5
configure:10988: $? = 0
configure:11003: gcc -shared  -fPIC -DPIC conftest.o  -v -Wl,-soname -Wl,conftest -o conftest 2\>\&1 \| /usr/bin/grep  -lc  \>/dev/null 2\>\&1
configure:11006: $? = 0
configure:11020: result: no
configure:11180: checking dynamic linker characteristics
configure:11711: gcc -o conftest -g -O2   -Wl,-rpath -Wl,/foo conftest.c  >&5
configure:11711: $? = 0
configure:11945: result: GNU/Linux ld.so
configure:12052: checking how to hardcode library paths into programs
configure:12077: result: immediate
configure:12617: checking whether stripping libraries is possible
configure:12622: result: yes
configure:12657: checking if libtool supports shared libraries
configure:12659: result: yes
configure:12662: checking whether to build shared libraries
configure:12683: result: yes
configure:12686: checking whether to build static libraries
configure:12690: result: no
configure:12770: checking for windres
configure:12800: result: no
configure:13089: checking whether byte ordering is bigendian
configure:13104: gcc -c -g -O2  conftest.c >&5
conftest.c:31:9: error: unknown type name 'not'
         not a universal capable compiler
         ^~~
conftest.c:31:15: error: expected '=', ',', ';', 'asm' or '__attribute__' before 'universal'
         not a universal capable compiler
               ^~~~~~~~~
conftest.c:31:15: error: unknown type name 'universal'
configure:13104: $? = 1
configure: failed program was:
| /* confdefs.h */
| #define PACKAGE_NAME "libgcrypt"
| #define PACKAGE_TARNAME "libgcrypt"
| #define PACKAGE_VERSION "1.6.6"
| #define PACKAGE_STRING "libgcrypt 1.6.6"
| #define PACKAGE_BUGREPORT "http://bugs.gnupg.org"
| #define PACKAGE_URL ""
| #define PACKAGE "libgcrypt"
| #define VERSION "1.6.6"
| #define PACKAGE "libgcrypt"
| #define VERSION "1.6.6"
| #define STDC_HEADERS 1
| #define HAVE_SYS_TYPES_H 1
| #define HAVE_SYS_STAT_H 1
| #define HAVE_STDLIB_H 1
| #define HAVE_STRING_H 1
| #define HAVE_MEMORY_H 1
| #define HAVE_STRINGS_H 1
| #define HAVE_INTTYPES_H 1
| #define HAVE_STDINT_H 1
| #define HAVE_UNISTD_H 1
| #define __EXTENSIONS__ 1
| #define _ALL_SOURCE 1
| #define _GNU_SOURCE 1
| #define _POSIX_PTHREAD_SEMANTICS 1
| #define _TANDEM_SOURCE 1
| #define HAVE_DLFCN_H 1
| #define LT_OBJDIR ".libs/"
| /* end confdefs.h.  */
| #ifndef __APPLE_CC__
| 	       not a universal capable compiler
| 	     #endif
| 	     typedef int dummy;
| 
configure:13149: gcc -c -g -O2  conftest.c >&5
configure:13149: $? = 0
configure:13167: gcc -c -g -O2  conftest.c >&5
conftest.c: In function 'main':
conftest.c:37:4: error: unknown type name 'not'
    not big endian
    ^~~
conftest.c:37:12: error: expected '=', ',', ';', 'asm' or '__attribute__' before 'endian'
    not big endian
            ^~~~~~
configure:13167: $? = 1
configure: failed program was:
| /* confdefs.h */
| #define PACKAGE_NAME "libgcrypt"
| #define PACKAGE_TARNAME "libgcrypt"
| #define PACKAGE_VERSION "1.6.6"
| #define PACKAGE_STRING "libgcrypt 1.6.6"
| #define PACKAGE_BUGREPORT "http://bugs.gnupg.org"
| #define PACKAGE_URL ""
| #define PACKAGE "libgcrypt"
| #define VERSION "1.6.6"
| #define PACKAGE "libgcrypt"
| #define VERSION "1.6.6"
| #define STDC_HEADERS 1
| #define HAVE_SYS_TYPES_H 1
| #define HAVE_SYS_STAT_H 1
| #define HAVE_STDLIB_H 1
| #define HAVE_STRING_H 1
| #define HAVE_MEMORY_H 1
| #define HAVE_STRINGS_H 1
| #define HAVE_INTTYPES_H 1
| #define HAVE_STDINT_H 1
| #define HAVE_UNISTD_H 1
| #define __EXTENSIONS__ 1
| #define _ALL_SOURCE 1
| #define _GNU_SOURCE 1
| #define _POSIX_PTHREAD_SEMANTICS 1
| #define _TANDEM_SOURCE 1
| #define HAVE_DLFCN_H 1
| #define LT_OBJDIR ".libs/"
| /* end confdefs.h.  */
| #include <sys/types.h>
| 		#include <sys/param.h>
| 
| int
| main ()
| {
| #if BYTE_ORDER != BIG_ENDIAN
| 		 not big endian
| 		#endif
| 
|   ;
|   return 0;
| }
configure:13295: result: no
configure:13323: checking size of unsigned short
configure:13328: gcc -o conftest -g -O2   conftest.c  >&5
configure:13328: $? = 0
configure:13328: ./conftest
configure:13328: $? = 0
configure:13342: result: 2
configure:13356: checking size of unsigned int
configure:13361: gcc -o conftest -g -O2   conftest.c  >&5
configure:13361: $? = 0
configure:13361: ./conftest
configure:13361: $? = 0
configure:13375: result: 4
configure:13389: checking size of unsigned long
configure:13394: gcc -o conftest -g -O2   conftest.c  >&5
configure:13394: $? = 0
configure:13394: ./conftest
configure:13394: $? = 0
configure:13408: result: 8
configure:13422: checking size of unsigned long long
configure:13427: gcc -o conftest -g -O2   conftest.c  >&5
configure:13427: $? = 0
configure:13427: ./conftest
configure:13427: $? = 0
configure:13441: result: 8
configure:13455: checking size of void *
configure:13460: gcc -o conftest -g -O2   conftest.c  >&5
configure:13460: $? = 0
configure:13460: ./conftest
configure:13460: $? = 0
configure:13474: result: 8
configure:13486: checking for uintptr_t
configure:13486: gcc -c -g -O2  conftest.c >&5
configure:13486: $? = 0
configure:13486: gcc -c -g -O2  conftest.c >&5
conftest.c: In function 'main':
conftest.c:71:24: error: expected expression before ')' token
 if (sizeof ((uintptr_t)))
                        ^
configure:13486: $? = 1
configure: failed program was:
| /* confdefs.h */
| #define PACKAGE_NAME "libgcrypt"
| #define PACKAGE_TARNAME "libgcrypt"
| #define PACKAGE_VERSION "1.6.6"
| #define PACKAGE_STRING "libgcrypt 1.6.6"
| #define PACKAGE_BUGREPORT "http://bugs.gnupg.org"
| #define PACKAGE_URL ""
| #define PACKAGE "libgcrypt"
| #define VERSION "1.6.6"
| #define PACKAGE "libgcrypt"
| #define VERSION "1.6.6"
| #define STDC_HEADERS 1
| #define HAVE_SYS_TYPES_H 1
| #define HAVE_SYS_STAT_H 1
| #define HAVE_STDLIB_H 1
| #define HAVE_STRING_H 1
| #define HAVE_MEMORY_H 1
| #define HAVE_STRINGS_H 1
| #define HAVE_INTTYPES_H 1
| #define HAVE_STDINT_H 1
| #define HAVE_UNISTD_H 1
| #define __EXTENSIONS__ 1
| #define _ALL_SOURCE 1
| #define _GNU_SOURCE 1
| #define _POSIX_PTHREAD_SEMANTICS 1
| #define _TANDEM_SOURCE 1
| #define HAVE_DLFCN_H 1
| #define LT_OBJDIR ".libs/"
| #define SIZEOF_UNSIGNED_SHORT 2
| #define SIZEOF_UNSIGNED_INT 4
| #define SIZEOF_UNSIGNED_LONG 8
| #define SIZEOF_UNSIGNED_LONG_LONG 8
| #define SIZEOF_VOID_P 8
| /* end confdefs.h.  */
| #include <stdio.h>
| #ifdef HAVE_SYS_TYPES_H
| # include <sys/types.h>
| #endif
| #ifdef HAVE_SYS_STAT_H
| # include <sys/stat.h>
| #endif
| #ifdef STDC_HEADERS
| # include <stdlib.h>
| # include <stddef.h>
| #else
| # ifdef HAVE_STDLIB_H
| #  include <stdlib.h>
| # endif
| #endif
| #ifdef HAVE_STRING_H
| # if !defined STDC_HEADERS && defined HAVE_MEMORY_H
| #  include <memory.h>
| # endif
| # include <string.h>
| #endif
| #ifdef HAVE_STRINGS_H
| # include <strings.h>
| #endif
| #ifdef HAVE_INTTYPES_H
| # include <inttypes.h>
| #endif
| #ifdef HAVE_STDINT_H
| # include <stdint.h>
| #endif
| #ifdef HAVE_UNISTD_H
| # include <unistd.h>
| #endif
| int
| main ()
| {
| if (sizeof ((uintptr_t)))
| 	    return 0;
|   ;
|   return 0;
| }
configure:13486: result: yes
configure:13576: checking which symmetric ciphers to include
configure:13594: result: arcfour blowfish cast5 des aes twofish serpent rfc2268 seed camellia idea salsa20 gost28147
configure:13610: checking which public-key ciphers to include
configure:13628: result: dsa elgamal rsa ecc
configure:13644: checking which message digests to include
configure:13662: result: crc gostr3411-94 md4 md5 rmd160 sha1 sha256 sha512 tiger whirlpool stribog
configure:13678: checking which key derivation functions to include
configure:13696: result: s2k pkdf2 scrypt
configure:13708: checking which random module to use
configure:13726: result: default
configure:13730: checking whether use of /dev/random is requested
configure:13739: result: yes
configure:13758: checking whether the experimental random daemon is requested
configure:13767: result: no
configure:13785: checking whether MPI assembler modules are requested
configure:13794: result: yes
configure:13798: checking whether memory guard is requested
configure:13807: result: no
configure:13816: checking whether to run large data tests
configure:13825: result: no
configure:13833: checking whether use of capabilities is requested
configure:13843: result: no
configure:13847: checking whether a HMAC binary check is requested
configure:13856: result: no
configure:13866: checking whether padlock support is requested
configure:13875: result: yes
configure:13879: checking whether AESNI support is requested
configure:13888: result: yes
configure:13892: checking whether PCLMUL support is requested
configure:13901: result: yes
configure:13905: checking whether DRNG support is requested
configure:13914: result: yes
configure:13918: checking whether AVX support is requested
configure:13927: result: yes
configure:13931: checking whether AVX2 support is requested
configure:13940: result: yes
configure:13944: checking whether NEON support is requested
configure:13953: result: yes
configure:13957: checking whether a -O flag munging is requested
configure:13966: result: yes
configure:13978: checking whether to enable AMD64 as(1) feature detection
configure:13987: result: yes
configure:14114: checking for gpg-error-config
configure:14132: found /usr/local/bin/gpg-error-config
configure:14144: result: /usr/local/bin/gpg-error-config
configure:14167: checking for GPG Error - version >= 1.11
configure:14193: result: yes (1.24-beta6)
configure:14207: WARNING:
***
*** The config script /usr/local/bin/gpg-error-config was
*** built for x86_64-pc-linux-gnu and thus may not match the
*** used host x86_64-unknown-linux-gnu.
*** You may want to use the configure option --with-gpg-error-prefix
*** to specify a matching config script.
***
configure:14494: checking whether imported symbols can be declared weak
configure:14512: gcc -o conftest -g -O2   conftest.c  >&5
configure:14512: $? = 0
configure:14546: gcc -o conftest -g -O2   conftest.c  >&5
configure:14546: $? = 0
configure:14546: ./conftest
configure:14546: $? = 0
configure:14558: result: yes
configure:14563: checking pthread.h usability
configure:14563: gcc -c -g -O2  conftest.c >&5
configure:14563: $? = 0
configure:14563: result: yes
configure:14563: checking pthread.h presence
configure:14563: gcc -E  conftest.c
configure:14563: $? = 0
configure:14563: result: yes
configure:14563: checking for pthread.h
configure:14563: result: yes
configure:14591: gcc -o conftest -g -O2   conftest.c  >&5
/tmp/ccxMtSea.o: In function `main':
/home/bernd/mywork/droidhola/libgcrypt-1.6.6/conftest.c:46: undefined reference to `pthread_mutexattr_init'
collect2: error: ld returned 1 exit status
configure:14591: $? = 1
configure: failed program was:
| /* confdefs.h */
| #define PACKAGE_NAME "libgcrypt"
| #define PACKAGE_TARNAME "libgcrypt"
| #define PACKAGE_VERSION "1.6.6"
| #define PACKAGE_STRING "libgcrypt 1.6.6"
| #define PACKAGE_BUGREPORT "http://bugs.gnupg.org"
| #define PACKAGE_URL ""
| #define PACKAGE "libgcrypt"
| #define VERSION "1.6.6"
| #define PACKAGE "libgcrypt"
| #define VERSION "1.6.6"
| #define STDC_HEADERS 1
| #define HAVE_SYS_TYPES_H 1
| #define HAVE_SYS_STAT_H 1
| #define HAVE_STDLIB_H 1
| #define HAVE_STRING_H 1
| #define HAVE_MEMORY_H 1
| #define HAVE_STRINGS_H 1
| #define HAVE_INTTYPES_H 1
| #define HAVE_STDINT_H 1
| #define HAVE_UNISTD_H 1
| #define __EXTENSIONS__ 1
| #define _ALL_SOURCE 1
| #define _GNU_SOURCE 1
| #define _POSIX_PTHREAD_SEMANTICS 1
| #define _TANDEM_SOURCE 1
| #define HAVE_DLFCN_H 1
| #define LT_OBJDIR ".libs/"
| #define SIZEOF_UNSIGNED_SHORT 2
| #define SIZEOF_UNSIGNED_INT 4
| #define SIZEOF_UNSIGNED_LONG 8
| #define SIZEOF_UNSIGNED_LONG_LONG 8
| #define SIZEOF_VOID_P 8
| #define HAVE_UINTPTR_T 1
| #define EGD_SOCKET_NAME ""
| #define PRINTABLE_OS_NAME "GNU/Linux"
| #define NAME_OF_DEV_RANDOM "/dev/random"
| #define NAME_OF_DEV_URANDOM "/dev/urandom"
| #define GPG_ERR_SOURCE_DEFAULT GPG_ERR_SOURCE_GCRYPT
| /* end confdefs.h.  */
| #include <pthread.h>
| int
| main ()
| {
| pthread_mutex_lock((pthread_mutex_t*)0);
|                pthread_mutexattr_init((pthread_mutexattr_t*)0);
|   ;
|   return 0;
| }
configure:14654: checking for pthread_kill in -lpthread
configure:14679: gcc -o conftest -g -O2   conftest.c -lpthread   >&5
configure:14679: $? = 0
configure:14688: result: yes
configure:14820: checking for multithread API to use
configure:14822: result: posix
configure:14838: checking for pthread_rwlock_t
configure:14838: gcc -c -g -O2  conftest.c >&5
configure:14838: $? = 0
configure:14838: gcc -c -g -O2  conftest.c >&5
conftest.c: In function 'main':
conftest.c:48:31: error: expected expression before ')' token
 if (sizeof ((pthread_rwlock_t)))
                               ^
configure:14838: $? = 1
configure: failed program was:
| /* confdefs.h */
| #define PACKAGE_NAME "libgcrypt"
| #define PACKAGE_TARNAME "libgcrypt"
| #define PACKAGE_VERSION "1.6.6"
| #define PACKAGE_STRING "libgcrypt 1.6.6"
| #define PACKAGE_BUGREPORT "http://bugs.gnupg.org"
| #define PACKAGE_URL ""
| #define PACKAGE "libgcrypt"
| #define VERSION "1.6.6"
| #define PACKAGE "libgcrypt"
| #define VERSION "1.6.6"
| #define STDC_HEADERS 1
| #define HAVE_SYS_TYPES_H 1
| #define HAVE_SYS_STAT_H 1
| #define HAVE_STDLIB_H 1
| #define HAVE_STRING_H 1
| #define HAVE_MEMORY_H 1
| #define HAVE_STRINGS_H 1
| #define HAVE_INTTYPES_H 1
| #define HAVE_STDINT_H 1
| #define HAVE_UNISTD_H 1
| #define __EXTENSIONS__ 1
| #define _ALL_SOURCE 1
| #define _GNU_SOURCE 1
| #define _POSIX_PTHREAD_SEMANTICS 1
| #define _TANDEM_SOURCE 1
| #define HAVE_DLFCN_H 1
| #define LT_OBJDIR ".libs/"
| #define SIZEOF_UNSIGNED_SHORT 2
| #define SIZEOF_UNSIGNED_INT 4
| #define SIZEOF_UNSIGNED_LONG 8
| #define SIZEOF_UNSIGNED_LONG_LONG 8
| #define SIZEOF_VOID_P 8
| #define HAVE_UINTPTR_T 1
| #define EGD_SOCKET_NAME ""
| #define PRINTABLE_OS_NAME "GNU/Linux"
| #define NAME_OF_DEV_RANDOM "/dev/random"
| #define NAME_OF_DEV_URANDOM "/dev/urandom"
| #define GPG_ERR_SOURCE_DEFAULT GPG_ERR_SOURCE_GCRYPT
| #define USE_POSIX_THREADS 1
| #define USE_POSIX_THREADS_WEAK 1
| /* end confdefs.h.  */
| #include <pthread.h>
| 
| int
| main ()
| {
| if (sizeof ((pthread_rwlock_t)))
| 	    return 0;
|   ;
|   return 0;
| }
configure:14838: result: yes
configure:14869: gcc -c -g -O2  conftest.c >&5
configure:14869: $? = 0
configure:14883: checking for library containing setsockopt
configure:14914: gcc -o conftest -g -O2   conftest.c  >&5
configure:14914: $? = 0
configure:14931: result: none required
configure:14996: checking for library containing setsockopt
configure:15044: result: none required
configure:15057: checking for ANSI C header files
configure:15161: result: yes
configure:15172: checking for unistd.h
configure:15172: result: yes
configure:15172: checking sys/select.h usability
configure:15172: gcc -c -g -O2  conftest.c >&5
configure:15172: $? = 0
configure:15172: result: yes
configure:15172: checking sys/select.h presence
configure:15172: gcc -E  conftest.c
configure:15172: $? = 0
configure:15172: result: yes
configure:15172: checking for sys/select.h
configure:15172: result: yes
configure:15172: checking sys/msg.h usability
configure:15172: gcc -c -g -O2  conftest.c >&5
configure:15172: $? = 0
configure:15172: result: yes
configure:15172: checking sys/msg.h presence
configure:15172: gcc -E  conftest.c
configure:15172: $? = 0
configure:15172: result: yes
configure:15172: checking for sys/msg.h
configure:15172: result: yes
configure:15194: checking for an ANSI C-conforming const
configure:15260: gcc -c -g -O2  conftest.c >&5
configure:15260: $? = 0
configure:15267: result: yes
configure:15275: checking for inline
configure:15291: gcc -c -g -O2  conftest.c >&5
configure:15291: $? = 0
configure:15299: result: inline
configure:15317: checking for size_t
configure:15317: gcc -c -g -O2  conftest.c >&5
configure:15317: $? = 0
configure:15317: gcc -c -g -O2  conftest.c >&5
conftest.c: In function 'main':
conftest.c:85:21: error: expected expression before ')' token
 if (sizeof ((size_t)))
                     ^
configure:15317: $? = 1
configure: failed program was:
| /* confdefs.h */
| #define PACKAGE_NAME "libgcrypt"
| #define PACKAGE_TARNAME "libgcrypt"
| #define PACKAGE_VERSION "1.6.6"
| #define PACKAGE_STRING "libgcrypt 1.6.6"
| #define PACKAGE_BUGREPORT "http://bugs.gnupg.org"
| #define PACKAGE_URL ""
| #define PACKAGE "libgcrypt"
| #define VERSION "1.6.6"
| #define PACKAGE "libgcrypt"
| #define VERSION "1.6.6"
| #define STDC_HEADERS 1
| #define HAVE_SYS_TYPES_H 1
| #define HAVE_SYS_STAT_H 1
| #define HAVE_STDLIB_H 1
| #define HAVE_STRING_H 1
| #define HAVE_MEMORY_H 1
| #define HAVE_STRINGS_H 1
| #define HAVE_INTTYPES_H 1
| #define HAVE_STDINT_H 1
| #define HAVE_UNISTD_H 1
| #define __EXTENSIONS__ 1
| #define _ALL_SOURCE 1
| #define _GNU_SOURCE 1
| #define _POSIX_PTHREAD_SEMANTICS 1
| #define _TANDEM_SOURCE 1
| #define HAVE_DLFCN_H 1
| #define LT_OBJDIR ".libs/"
| #define SIZEOF_UNSIGNED_SHORT 2
| #define SIZEOF_UNSIGNED_INT 4
| #define SIZEOF_UNSIGNED_LONG 8
| #define SIZEOF_UNSIGNED_LONG_LONG 8
| #define SIZEOF_VOID_P 8
| #define HAVE_UINTPTR_T 1
| #define EGD_SOCKET_NAME ""
| #define PRINTABLE_OS_NAME "GNU/Linux"
| #define NAME_OF_DEV_RANDOM "/dev/random"
| #define NAME_OF_DEV_URANDOM "/dev/urandom"
| #define GPG_ERR_SOURCE_DEFAULT GPG_ERR_SOURCE_GCRYPT
| #define USE_POSIX_THREADS 1
| #define USE_POSIX_THREADS_WEAK 1
| #define HAVE_PTHREAD_RWLOCK 1
| #define HAVE_PTHREAD_MUTEX_RECURSIVE 1
| #define STDC_HEADERS 1
| #define HAVE_UNISTD_H 1
| #define HAVE_SYS_SELECT_H 1
| #define HAVE_SYS_MSG_H 1
| /* end confdefs.h.  */
| #include <stdio.h>
| #ifdef HAVE_SYS_TYPES_H
| # include <sys/types.h>
| #endif
| #ifdef HAVE_SYS_STAT_H
| # include <sys/stat.h>
| #endif
| #ifdef STDC_HEADERS
| # include <stdlib.h>
| # include <stddef.h>
| #else
| # ifdef HAVE_STDLIB_H
| #  include <stdlib.h>
| # endif
| #endif
| #ifdef HAVE_STRING_H
| # if !defined STDC_HEADERS && defined HAVE_MEMORY_H
| #  include <memory.h>
| # endif
| # include <string.h>
| #endif
| #ifdef HAVE_STRINGS_H
| # include <strings.h>
| #endif
| #ifdef HAVE_INTTYPES_H
| # include <inttypes.h>
| #endif
| #ifdef HAVE_STDINT_H
| # include <stdint.h>
| #endif
| #ifdef HAVE_UNISTD_H
| # include <unistd.h>
| #endif
| int
| main ()
| {
| if (sizeof ((size_t)))
| 	    return 0;
|   ;
|   return 0;
| }
configure:15317: result: yes
configure:15328: checking return type of signal handlers
configure:15346: gcc -c -g -O2  conftest.c >&5
conftest.c: In function 'main':
conftest.c:55:10: error: void value not ignored as it ought to be
 return *(signal (0, 0)) (0) == 1;
         ~^~~~~~~~~~~~~~~~~~
configure:15346: $? = 1
configure: failed program was:
| /* confdefs.h */
| #define PACKAGE_NAME "libgcrypt"
| #define PACKAGE_TARNAME "libgcrypt"
| #define PACKAGE_VERSION "1.6.6"
| #define PACKAGE_STRING "libgcrypt 1.6.6"
| #define PACKAGE_BUGREPORT "http://bugs.gnupg.org"
| #define PACKAGE_URL ""
| #define PACKAGE "libgcrypt"
| #define VERSION "1.6.6"
| #define PACKAGE "libgcrypt"
| #define VERSION "1.6.6"
| #define STDC_HEADERS 1
| #define HAVE_SYS_TYPES_H 1
| #define HAVE_SYS_STAT_H 1
| #define HAVE_STDLIB_H 1
| #define HAVE_STRING_H 1
| #define HAVE_MEMORY_H 1
| #define HAVE_STRINGS_H 1
| #define HAVE_INTTYPES_H 1
| #define HAVE_STDINT_H 1
| #define HAVE_UNISTD_H 1
| #define __EXTENSIONS__ 1
| #define _ALL_SOURCE 1
| #define _GNU_SOURCE 1
| #define _POSIX_PTHREAD_SEMANTICS 1
| #define _TANDEM_SOURCE 1
| #define HAVE_DLFCN_H 1
| #define LT_OBJDIR ".libs/"
| #define SIZEOF_UNSIGNED_SHORT 2
| #define SIZEOF_UNSIGNED_INT 4
| #define SIZEOF_UNSIGNED_LONG 8
| #define SIZEOF_UNSIGNED_LONG_LONG 8
| #define SIZEOF_VOID_P 8
| #define HAVE_UINTPTR_T 1
| #define EGD_SOCKET_NAME ""
| #define PRINTABLE_OS_NAME "GNU/Linux"
| #define NAME_OF_DEV_RANDOM "/dev/random"
| #define NAME_OF_DEV_URANDOM "/dev/urandom"
| #define GPG_ERR_SOURCE_DEFAULT GPG_ERR_SOURCE_GCRYPT
| #define USE_POSIX_THREADS 1
| #define USE_POSIX_THREADS_WEAK 1
| #define HAVE_PTHREAD_RWLOCK 1
| #define HAVE_PTHREAD_MUTEX_RECURSIVE 1
| #define STDC_HEADERS 1
| #define HAVE_UNISTD_H 1
| #define HAVE_SYS_SELECT_H 1
| #define HAVE_SYS_MSG_H 1
| /* end confdefs.h.  */
| #include <sys/types.h>
| #include <signal.h>
| 
| int
| main ()
| {
| return *(signal (0, 0)) (0) == 1;
|   ;
|   return 0;
| }
configure:15353: result: void
configure:15361: checking whether sys_siglist is declared
configure:15361: gcc -c -g -O2  conftest.c >&5
configure:15361: $? = 0
configure:15361: result: yes
configure:15379: checking for pid_t
configure:15379: gcc -c -g -O2  conftest.c >&5
configure:15379: $? = 0
configure:15379: gcc -c -g -O2  conftest.c >&5
conftest.c: In function 'main':
conftest.c:87:20: error: expected expression before ')' token
 if (sizeof ((pid_t)))
                    ^
configure:15379: $? = 1
configure: failed program was:
| /* confdefs.h */
| #define PACKAGE_NAME "libgcrypt"
| #define PACKAGE_TARNAME "libgcrypt"
| #define PACKAGE_VERSION "1.6.6"
| #define PACKAGE_STRING "libgcrypt 1.6.6"
| #define PACKAGE_BUGREPORT "http://bugs.gnupg.org"
| #define PACKAGE_URL ""
| #define PACKAGE "libgcrypt"
| #define VERSION "1.6.6"
| #define PACKAGE "libgcrypt"
| #define VERSION "1.6.6"
| #define STDC_HEADERS 1
| #define HAVE_SYS_TYPES_H 1
| #define HAVE_SYS_STAT_H 1
| #define HAVE_STDLIB_H 1
| #define HAVE_STRING_H 1
| #define HAVE_MEMORY_H 1
| #define HAVE_STRINGS_H 1
| #define HAVE_INTTYPES_H 1
| #define HAVE_STDINT_H 1
| #define HAVE_UNISTD_H 1
| #define __EXTENSIONS__ 1
| #define _ALL_SOURCE 1
| #define _GNU_SOURCE 1
| #define _POSIX_PTHREAD_SEMANTICS 1
| #define _TANDEM_SOURCE 1
| #define HAVE_DLFCN_H 1
| #define LT_OBJDIR ".libs/"
| #define SIZEOF_UNSIGNED_SHORT 2
| #define SIZEOF_UNSIGNED_INT 4
| #define SIZEOF_UNSIGNED_LONG 8
| #define SIZEOF_UNSIGNED_LONG_LONG 8
| #define SIZEOF_VOID_P 8
| #define HAVE_UINTPTR_T 1
| #define EGD_SOCKET_NAME ""
| #define PRINTABLE_OS_NAME "GNU/Linux"
| #define NAME_OF_DEV_RANDOM "/dev/random"
| #define NAME_OF_DEV_URANDOM "/dev/urandom"
| #define GPG_ERR_SOURCE_DEFAULT GPG_ERR_SOURCE_GCRYPT
| #define USE_POSIX_THREADS 1
| #define USE_POSIX_THREADS_WEAK 1
| #define HAVE_PTHREAD_RWLOCK 1
| #define HAVE_PTHREAD_MUTEX_RECURSIVE 1
| #define STDC_HEADERS 1
| #define HAVE_UNISTD_H 1
| #define HAVE_SYS_SELECT_H 1
| #define HAVE_SYS_MSG_H 1
| #define RETSIGTYPE void
| #define HAVE_DECL_SYS_SIGLIST 1
| /* end confdefs.h.  */
| #include <stdio.h>
| #ifdef HAVE_SYS_TYPES_H
| # include <sys/types.h>
| #endif
| #ifdef HAVE_SYS_STAT_H
| # include <sys/stat.h>
| #endif
| #ifdef STDC_HEADERS
| # include <stdlib.h>
| # include <stddef.h>
| #else
| # ifdef HAVE_STDLIB_H
| #  include <stdlib.h>
| # endif
| #endif
| #ifdef HAVE_STRING_H
| # if !defined STDC_HEADERS && defined HAVE_MEMORY_H
| #  include <memory.h>
| # endif
| # include <string.h>
| #endif
| #ifdef HAVE_STRINGS_H
| # include <strings.h>
| #endif
| #ifdef HAVE_INTTYPES_H
| # include <inttypes.h>
| #endif
| #ifdef HAVE_STDINT_H
| # include <stdint.h>
| #endif
| #ifdef HAVE_UNISTD_H
| # include <unistd.h>
| #endif
| int
| main ()
| {
| if (sizeof ((pid_t)))
| 	    return 0;
|   ;
|   return 0;
| }
configure:15379: result: yes
configure:15391: checking for byte typedef
configure:15412: gcc -c -g -O2  conftest.c >&5
conftest.c: In function 'main':
conftest.c:59:20: error: 'byte' undeclared (first use in this function)
     int a = sizeof(byte);
                    ^~~~
conftest.c:59:20: note: each undeclared identifier is reported only once for each function it appears in
configure:15412: $? = 1
configure: failed program was:
| /* confdefs.h */
| #define PACKAGE_NAME "libgcrypt"
| #define PACKAGE_TARNAME "libgcrypt"
| #define PACKAGE_VERSION "1.6.6"
| #define PACKAGE_STRING "libgcrypt 1.6.6"
| #define PACKAGE_BUGREPORT "http://bugs.gnupg.org"
| #define PACKAGE_URL ""
| #define PACKAGE "libgcrypt"
| #define VERSION "1.6.6"
| #define PACKAGE "libgcrypt"
| #define VERSION "1.6.6"
| #define STDC_HEADERS 1
| #define HAVE_SYS_TYPES_H 1
| #define HAVE_SYS_STAT_H 1
| #define HAVE_STDLIB_H 1
| #define HAVE_STRING_H 1
| #define HAVE_MEMORY_H 1
| #define HAVE_STRINGS_H 1
| #define HAVE_INTTYPES_H 1
| #define HAVE_STDINT_H 1
| #define HAVE_UNISTD_H 1
| #define __EXTENSIONS__ 1
| #define _ALL_SOURCE 1
| #define _GNU_SOURCE 1
| #define _POSIX_PTHREAD_SEMANTICS 1
| #define _TANDEM_SOURCE 1
| #define HAVE_DLFCN_H 1
| #define LT_OBJDIR ".libs/"
| #define SIZEOF_UNSIGNED_SHORT 2
| #define SIZEOF_UNSIGNED_INT 4
| #define SIZEOF_UNSIGNED_LONG 8
| #define SIZEOF_UNSIGNED_LONG_LONG 8
| #define SIZEOF_VOID_P 8
| #define HAVE_UINTPTR_T 1
| #define EGD_SOCKET_NAME ""
| #define PRINTABLE_OS_NAME "GNU/Linux"
| #define NAME_OF_DEV_RANDOM "/dev/random"
| #define NAME_OF_DEV_URANDOM "/dev/urandom"
| #define GPG_ERR_SOURCE_DEFAULT GPG_ERR_SOURCE_GCRYPT
| #define USE_POSIX_THREADS 1
| #define USE_POSIX_THREADS_WEAK 1
| #define HAVE_PTHREAD_RWLOCK 1
| #define HAVE_PTHREAD_MUTEX_RECURSIVE 1
| #define STDC_HEADERS 1
| #define HAVE_UNISTD_H 1
| #define HAVE_SYS_SELECT_H 1
| #define HAVE_SYS_MSG_H 1
| #define RETSIGTYPE void
| #define HAVE_DECL_SYS_SIGLIST 1
| /* end confdefs.h.  */
| #define _GNU_SOURCE 1
|     #include <stdlib.h>
|     #include <sys/types.h>
| int
| main ()
| {
| 
|     #undef byte
|     int a = sizeof(byte);
| 
|   ;
|   return 0;
| }
configure:15420: result: no
configure:15428: checking for ushort typedef
configure:15449: gcc -c -g -O2  conftest.c >&5
configure:15449: $? = 0
configure:15457: result: yes
configure:15465: checking for ulong typedef
configure:15486: gcc -c -g -O2  conftest.c >&5
configure:15486: $? = 0
configure:15494: result: yes
configure:15502: checking for u16 typedef
configure:15523: gcc -c -g -O2  conftest.c >&5
conftest.c: In function 'main':
conftest.c:61:20: error: 'u16' undeclared (first use in this function)
     int a = sizeof(u16);
                    ^~~
conftest.c:61:20: note: each undeclared identifier is reported only once for each function it appears in
configure:15523: $? = 1
configure: failed program was:
| /* confdefs.h */
| #define PACKAGE_NAME "libgcrypt"
| #define PACKAGE_TARNAME "libgcrypt"
| #define PACKAGE_VERSION "1.6.6"
| #define PACKAGE_STRING "libgcrypt 1.6.6"
| #define PACKAGE_BUGREPORT "http://bugs.gnupg.org"
| #define PACKAGE_URL ""
| #define PACKAGE "libgcrypt"
| #define VERSION "1.6.6"
| #define PACKAGE "libgcrypt"
| #define VERSION "1.6.6"
| #define STDC_HEADERS 1
| #define HAVE_SYS_TYPES_H 1
| #define HAVE_SYS_STAT_H 1
| #define HAVE_STDLIB_H 1
| #define HAVE_STRING_H 1
| #define HAVE_MEMORY_H 1
| #define HAVE_STRINGS_H 1
| #define HAVE_INTTYPES_H 1
| #define HAVE_STDINT_H 1
| #define HAVE_UNISTD_H 1
| #define __EXTENSIONS__ 1
| #define _ALL_SOURCE 1
| #define _GNU_SOURCE 1
| #define _POSIX_PTHREAD_SEMANTICS 1
| #define _TANDEM_SOURCE 1
| #define HAVE_DLFCN_H 1
| #define LT_OBJDIR ".libs/"
| #define SIZEOF_UNSIGNED_SHORT 2
| #define SIZEOF_UNSIGNED_INT 4
| #define SIZEOF_UNSIGNED_LONG 8
| #define SIZEOF_UNSIGNED_LONG_LONG 8
| #define SIZEOF_VOID_P 8
| #define HAVE_UINTPTR_T 1
| #define EGD_SOCKET_NAME ""
| #define PRINTABLE_OS_NAME "GNU/Linux"
| #define NAME_OF_DEV_RANDOM "/dev/random"
| #define NAME_OF_DEV_URANDOM "/dev/urandom"
| #define GPG_ERR_SOURCE_DEFAULT GPG_ERR_SOURCE_GCRYPT
| #define USE_POSIX_THREADS 1
| #define USE_POSIX_THREADS_WEAK 1
| #define HAVE_PTHREAD_RWLOCK 1
| #define HAVE_PTHREAD_MUTEX_RECURSIVE 1
| #define STDC_HEADERS 1
| #define HAVE_UNISTD_H 1
| #define HAVE_SYS_SELECT_H 1
| #define HAVE_SYS_MSG_H 1
| #define RETSIGTYPE void
| #define HAVE_DECL_SYS_SIGLIST 1
| #define HAVE_USHORT_TYPEDEF 1
| #define HAVE_ULONG_TYPEDEF 1
| /* end confdefs.h.  */
| #define _GNU_SOURCE 1
|     #include <stdlib.h>
|     #include <sys/types.h>
| int
| main ()
| {
| 
|     #undef u16
|     int a = sizeof(u16);
| 
|   ;
|   return 0;
| }
configure:15531: result: no
configure:15539: checking for u32 typedef
configure:15560: gcc -c -g -O2  conftest.c >&5
conftest.c: In function 'main':
conftest.c:61:20: error: 'u32' undeclared (first use in this function)
     int a = sizeof(u32);
                    ^~~
conftest.c:61:20: note: each undeclared identifier is reported only once for each function it appears in
configure:15560: $? = 1
configure: failed program was:
| /* confdefs.h */
| #define PACKAGE_NAME "libgcrypt"
| #define PACKAGE_TARNAME "libgcrypt"
| #define PACKAGE_VERSION "1.6.6"
| #define PACKAGE_STRING "libgcrypt 1.6.6"
| #define PACKAGE_BUGREPORT "http://bugs.gnupg.org"
| #define PACKAGE_URL ""
| #define PACKAGE "libgcrypt"
| #define VERSION "1.6.6"
| #define PACKAGE "libgcrypt"
| #define VERSION "1.6.6"
| #define STDC_HEADERS 1
| #define HAVE_SYS_TYPES_H 1
| #define HAVE_SYS_STAT_H 1
| #define HAVE_STDLIB_H 1
| #define HAVE_STRING_H 1
| #define HAVE_MEMORY_H 1
| #define HAVE_STRINGS_H 1
| #define HAVE_INTTYPES_H 1
| #define HAVE_STDINT_H 1
| #define HAVE_UNISTD_H 1
| #define __EXTENSIONS__ 1
| #define _ALL_SOURCE 1
| #define _GNU_SOURCE 1
| #define _POSIX_PTHREAD_SEMANTICS 1
| #define _TANDEM_SOURCE 1
| #define HAVE_DLFCN_H 1
| #define LT_OBJDIR ".libs/"
| #define SIZEOF_UNSIGNED_SHORT 2
| #define SIZEOF_UNSIGNED_INT 4
| #define SIZEOF_UNSIGNED_LONG 8
| #define SIZEOF_UNSIGNED_LONG_LONG 8
| #define SIZEOF_VOID_P 8
| #define HAVE_UINTPTR_T 1
| #define EGD_SOCKET_NAME ""
| #define PRINTABLE_OS_NAME "GNU/Linux"
| #define NAME_OF_DEV_RANDOM "/dev/random"
| #define NAME_OF_DEV_URANDOM "/dev/urandom"
| #define GPG_ERR_SOURCE_DEFAULT GPG_ERR_SOURCE_GCRYPT
| #define USE_POSIX_THREADS 1
| #define USE_POSIX_THREADS_WEAK 1
| #define HAVE_PTHREAD_RWLOCK 1
| #define HAVE_PTHREAD_MUTEX_RECURSIVE 1
| #define STDC_HEADERS 1
| #define HAVE_UNISTD_H 1
| #define HAVE_SYS_SELECT_H 1
| #define HAVE_SYS_MSG_H 1
| #define RETSIGTYPE void
| #define HAVE_DECL_SYS_SIGLIST 1
| #define HAVE_USHORT_TYPEDEF 1
| #define HAVE_ULONG_TYPEDEF 1
| /* end confdefs.h.  */
| #define _GNU_SOURCE 1
|     #include <stdlib.h>
|     #include <sys/types.h>
| int
| main ()
| {
| 
|     #undef u32
|     int a = sizeof(u32);
| 
|   ;
|   return 0;
| }
configure:15568: result: no
configure:15580: checking sys/socket.h usability
configure:15580: gcc -c -g -O2  conftest.c >&5
configure:15580: $? = 0
configure:15580: result: yes
configure:15580: checking sys/socket.h presence
configure:15580: gcc -E  conftest.c
configure:15580: $? = 0
configure:15580: result: yes
configure:15580: checking for sys/socket.h
configure:15580: result: yes
configure:15619: checking for socklen_t
configure:15619: gcc -c -g -O2  conftest.c >&5
configure:15619: $? = 0
configure:15619: gcc -c -g -O2  conftest.c >&5
conftest.c: In function 'main':
conftest.c:64:24: error: expected expression before ')' token
 if (sizeof ((socklen_t)))
                        ^
configure:15619: $? = 1
configure: failed program was:
| /* confdefs.h */
| #define PACKAGE_NAME "libgcrypt"
| #define PACKAGE_TARNAME "libgcrypt"
| #define PACKAGE_VERSION "1.6.6"
| #define PACKAGE_STRING "libgcrypt 1.6.6"
| #define PACKAGE_BUGREPORT "http://bugs.gnupg.org"
| #define PACKAGE_URL ""
| #define PACKAGE "libgcrypt"
| #define VERSION "1.6.6"
| #define PACKAGE "libgcrypt"
| #define VERSION "1.6.6"
| #define STDC_HEADERS 1
| #define HAVE_SYS_TYPES_H 1
| #define HAVE_SYS_STAT_H 1
| #define HAVE_STDLIB_H 1
| #define HAVE_STRING_H 1
| #define HAVE_MEMORY_H 1
| #define HAVE_STRINGS_H 1
| #define HAVE_INTTYPES_H 1
| #define HAVE_STDINT_H 1
| #define HAVE_UNISTD_H 1
| #define __EXTENSIONS__ 1
| #define _ALL_SOURCE 1
| #define _GNU_SOURCE 1
| #define _POSIX_PTHREAD_SEMANTICS 1
| #define _TANDEM_SOURCE 1
| #define HAVE_DLFCN_H 1
| #define LT_OBJDIR ".libs/"
| #define SIZEOF_UNSIGNED_SHORT 2
| #define SIZEOF_UNSIGNED_INT 4
| #define SIZEOF_UNSIGNED_LONG 8
| #define SIZEOF_UNSIGNED_LONG_LONG 8
| #define SIZEOF_VOID_P 8
| #define HAVE_UINTPTR_T 1
| #define EGD_SOCKET_NAME ""
| #define PRINTABLE_OS_NAME "GNU/Linux"
| #define NAME_OF_DEV_RANDOM "/dev/random"
| #define NAME_OF_DEV_URANDOM "/dev/urandom"
| #define GPG_ERR_SOURCE_DEFAULT GPG_ERR_SOURCE_GCRYPT
| #define USE_POSIX_THREADS 1
| #define USE_POSIX_THREADS_WEAK 1
| #define HAVE_PTHREAD_RWLOCK 1
| #define HAVE_PTHREAD_MUTEX_RECURSIVE 1
| #define STDC_HEADERS 1
| #define HAVE_UNISTD_H 1
| #define HAVE_SYS_SELECT_H 1
| #define HAVE_SYS_MSG_H 1
| #define RETSIGTYPE void
| #define HAVE_DECL_SYS_SIGLIST 1
| #define HAVE_USHORT_TYPEDEF 1
| #define HAVE_ULONG_TYPEDEF 1
| #define HAVE_SYS_SOCKET_H 1
| /* end confdefs.h.  */
| #include <sys/types.h>
|       #if HAVE_SYS_SOCKET_H
|       # include <sys/socket.h>
|       #elif HAVE_WS2TCPIP_H
|       # include <ws2tcpip.h>
|       #endif
| 
| int
| main ()
| {
| if (sizeof ((socklen_t)))
| 	    return 0;
|   ;
|   return 0;
| }
configure:15619: result: yes
configure:15696: checking for __builtin_bswap32
configure:15713: gcc -o conftest -g -O2   conftest.c  >&5
configure:15713: $? = 0
configure:15719: result: yes
configure:15731: checking for __builtin_bswap64
configure:15748: gcc -o conftest -g -O2   conftest.c  >&5
configure:15748: $? = 0
configure:15754: result: yes
configure:15766: checking whether the variable length arrays are supported
configure:15779: gcc -c -g -O2  conftest.c >&5
configure:15779: $? = 0
configure:15784: result: yes
configure:15796: checking whether the visibility attribute is supported
configure:15819: result: yes
configure:15822: checking for broken visibility attribute
configure:15846: result: no
configure:15850: checking for broken alias attribute
configure:15876: result: no
configure:15880: checking if gcc supports -fvisibility=hidden
configure:15899: gcc -c -fvisibility=hidden  conftest.c >&5
configure:15899: $? = 0
configure:15906: result: yes
configure:15924: checking whether the GCC style aligned attribute is supported
configure:15934: gcc -c -g -O2 -fvisibility=hidden  conftest.c >&5
configure:15934: $? = 0
configure:15939: result: yes
configure:15952: checking whether 'asm' assembler keyword is supported
configure:15962: gcc -c -g -O2 -fvisibility=hidden  conftest.c >&5
configure:15962: $? = 0
configure:15967: result: yes
configure:15969: checking whether '__asm__' assembler keyword is supported
configure:15979: gcc -c -g -O2 -fvisibility=hidden  conftest.c >&5
configure:15979: $? = 0
configure:15984: result: yes
configure:16019: checking whether inline assembly memory barrier is supported
configure:16029: gcc -c -g -O2 -fvisibility=hidden  conftest.c >&5
configure:16029: $? = 0
configure:16034: result: yes
configure:16049: checking whether GCC assembler is compatible for ARM assembly implementations
configure:16070: gcc -c -g -O2 -fvisibility=hidden  conftest.c >&5
/tmp/ccZdxcX1.s: Assembler messages:
/tmp/ccZdxcX1.s:5: Error: unknown pseudo-op: `.syntax'
/tmp/ccZdxcX1.s:6: Error: unknown pseudo-op: `.arm'
/tmp/ccZdxcX1.s:8: Error: bad register name `%r0'
configure:16070: $? = 1
configure: failed program was:
| /* confdefs.h */
| #define PACKAGE_NAME "libgcrypt"
| #define PACKAGE_TARNAME "libgcrypt"
| #define PACKAGE_VERSION "1.6.6"
| #define PACKAGE_STRING "libgcrypt 1.6.6"
| #define PACKAGE_BUGREPORT "http://bugs.gnupg.org"
| #define PACKAGE_URL ""
| #define PACKAGE "libgcrypt"
| #define VERSION "1.6.6"
| #define PACKAGE "libgcrypt"
| #define VERSION "1.6.6"
| #define STDC_HEADERS 1
| #define HAVE_SYS_TYPES_H 1
| #define HAVE_SYS_STAT_H 1
| #define HAVE_STDLIB_H 1
| #define HAVE_STRING_H 1
| #define HAVE_MEMORY_H 1
| #define HAVE_STRINGS_H 1
| #define HAVE_INTTYPES_H 1
| #define HAVE_STDINT_H 1
| #define HAVE_UNISTD_H 1
| #define __EXTENSIONS__ 1
| #define _ALL_SOURCE 1
| #define _GNU_SOURCE 1
| #define _POSIX_PTHREAD_SEMANTICS 1
| #define _TANDEM_SOURCE 1
| #define HAVE_DLFCN_H 1
| #define LT_OBJDIR ".libs/"
| #define SIZEOF_UNSIGNED_SHORT 2
| #define SIZEOF_UNSIGNED_INT 4
| #define SIZEOF_UNSIGNED_LONG 8
| #define SIZEOF_UNSIGNED_LONG_LONG 8
| #define SIZEOF_VOID_P 8
| #define HAVE_UINTPTR_T 1
| #define EGD_SOCKET_NAME ""
| #define PRINTABLE_OS_NAME "GNU/Linux"
| #define NAME_OF_DEV_RANDOM "/dev/random"
| #define NAME_OF_DEV_URANDOM "/dev/urandom"
| #define GPG_ERR_SOURCE_DEFAULT GPG_ERR_SOURCE_GCRYPT
| #define USE_POSIX_THREADS 1
| #define USE_POSIX_THREADS_WEAK 1
| #define HAVE_PTHREAD_RWLOCK 1
| #define HAVE_PTHREAD_MUTEX_RECURSIVE 1
| #define STDC_HEADERS 1
| #define HAVE_UNISTD_H 1
| #define HAVE_SYS_SELECT_H 1
| #define HAVE_SYS_MSG_H 1
| #define RETSIGTYPE void
| #define HAVE_DECL_SYS_SIGLIST 1
| #define HAVE_USHORT_TYPEDEF 1
| #define HAVE_ULONG_TYPEDEF 1
| #define HAVE_SYS_SOCKET_H 1
| #define HAVE_BUILTIN_BSWAP32 1
| #define HAVE_BUILTIN_BSWAP64 1
| #define HAVE_VLA 1
| #define GCRY_USE_VISIBILITY 1
| #define HAVE_GCC_ATTRIBUTE_ALIGNED 1
| #define HAVE_GCC_ASM_VOLATILE_MEMORY 1
| /* end confdefs.h.  */
| __asm__(
|                 /* Test if assembler supports UAL syntax.  */
|                 ".syntax unified\n\t"
|                 ".arm\n\t" /* our assembly code is in ARM mode  */
|                 /* Following causes error if assembler ignored '.syntax unified'.  */
|                 "asmfunc:\n\t"
|                 "add %r0, %r0, %r4, ror #12;\n\t"
| 
|                 /* Test if '.type' and '.size' are supported.  */
|                 ".size asmfunc,.-asmfunc;\n\t"
|                 ".type asmfunc,%function;\n\t"
|             );
configure:16075: result: no
configure:16109: checking for _ prefix in compiled symbols
configure:16119: gcc -c -g -O2 -fvisibility=hidden  conftest.c >&5
configure:16122: $? = 0
configure:16126: /usr/bin/nm -B conftest.o \| sed -n -e 's/^.*[	 ]\([ABCDGIRSTW][ABCDGIRSTW]*\)[	 ][	 ]*\([_A-Za-z][_A-Za-z0-9]*\)$/\1 \2 \2/p' | sed '/ __gnu_lto/d' \| cut -d \' \' -f 2 \> conftest.nm
configure:16129: $? = 0
configure: cannot find nm_test_func in conftest.nm
configure:16156: result: no
configure:16179: checking architecture and mpi assembler functions
configure:16186: result: x86
configure:16366: checking whether GCC inline assembler supports SSSE3 instructions
configure:16383: gcc -c -g -O2 -fvisibility=hidden  conftest.c >&5
configure:16383: $? = 0
configure:16389: result: yes
configure:16401: checking whether GCC inline assembler supports PCLMUL instructions
configure:16416: gcc -c -g -O2 -fvisibility=hidden  conftest.c >&5
configure:16416: $? = 0
configure:16422: result: yes
configure:16434: checking whether GCC inline assembler supports AVX instructions
configure:16449: gcc -c -g -O2 -fvisibility=hidden  conftest.c >&5
configure:16449: $? = 0
configure:16455: result: yes
configure:16467: checking whether GCC inline assembler supports AVX2 instructions
configure:16482: gcc -c -g -O2 -fvisibility=hidden  conftest.c >&5
configure:16482: $? = 0
configure:16488: result: yes
configure:16500: checking whether GCC inline assembler supports BMI2 instructions
configure:16515: gcc -c -g -O2 -fvisibility=hidden  conftest.c >&5
configure:16515: $? = 0
configure:16521: result: yes
configure:16535: checking whether GCC assembler is compatible for amd64 assembly implementations
configure:16557: gcc -c -g -O2 -fvisibility=hidden  conftest.c >&5
configure:16557: $? = 0
configure:16563: result: yes
configure:16577: checking whether GCC assembler is compatible for Intel syntax assembly implementations
configure:16608: gcc -c -g -O2 -fvisibility=hidden  conftest.c >&5
configure:16608: $? = 0
configure:16614: result: yes
configure:16626: checking whether compiler is configured for ARMv6 or newer architecture
configure:16659: result: n/a
configure:16671: checking whether GCC inline assembler supports NEON instructions
configure:16699: result: n/a
configure:16714: checking for vprintf
configure:16714: gcc -o conftest -g -O2 -fvisibility=hidden   conftest.c  >&5
conftest.c:90:6: warning: conflicting types for built-in function 'vprintf'
 char vprintf ();
      ^~~~~~~
configure:16714: $? = 0
configure:16714: result: yes
configure:16720: checking for _doprnt
configure:16720: gcc -o conftest -g -O2 -fvisibility=hidden   conftest.c  >&5
/tmp/ccF9lFCK.o: In function `main':
/home/bernd/mywork/droidhola/libgcrypt-1.6.6/conftest.c:102: undefined reference to `_doprnt'
collect2: error: ld returned 1 exit status
configure:16720: $? = 1
configure: failed program was:
| /* confdefs.h */
| #define PACKAGE_NAME "libgcrypt"
| #define PACKAGE_TARNAME "libgcrypt"
| #define PACKAGE_VERSION "1.6.6"
| #define PACKAGE_STRING "libgcrypt 1.6.6"
| #define PACKAGE_BUGREPORT "http://bugs.gnupg.org"
| #define PACKAGE_URL ""
| #define PACKAGE "libgcrypt"
| #define VERSION "1.6.6"
| #define PACKAGE "libgcrypt"
| #define VERSION "1.6.6"
| #define STDC_HEADERS 1
| #define HAVE_SYS_TYPES_H 1
| #define HAVE_SYS_STAT_H 1
| #define HAVE_STDLIB_H 1
| #define HAVE_STRING_H 1
| #define HAVE_MEMORY_H 1
| #define HAVE_STRINGS_H 1
| #define HAVE_INTTYPES_H 1
| #define HAVE_STDINT_H 1
| #define HAVE_UNISTD_H 1
| #define __EXTENSIONS__ 1
| #define _ALL_SOURCE 1
| #define _GNU_SOURCE 1
| #define _POSIX_PTHREAD_SEMANTICS 1
| #define _TANDEM_SOURCE 1
| #define HAVE_DLFCN_H 1
| #define LT_OBJDIR ".libs/"
| #define SIZEOF_UNSIGNED_SHORT 2
| #define SIZEOF_UNSIGNED_INT 4
| #define SIZEOF_UNSIGNED_LONG 8
| #define SIZEOF_UNSIGNED_LONG_LONG 8
| #define SIZEOF_VOID_P 8
| #define HAVE_UINTPTR_T 1
| #define EGD_SOCKET_NAME ""
| #define PRINTABLE_OS_NAME "GNU/Linux"
| #define NAME_OF_DEV_RANDOM "/dev/random"
| #define NAME_OF_DEV_URANDOM "/dev/urandom"
| #define GPG_ERR_SOURCE_DEFAULT GPG_ERR_SOURCE_GCRYPT
| #define USE_POSIX_THREADS 1
| #define USE_POSIX_THREADS_WEAK 1
| #define HAVE_PTHREAD_RWLOCK 1
| #define HAVE_PTHREAD_MUTEX_RECURSIVE 1
| #define STDC_HEADERS 1
| #define HAVE_UNISTD_H 1
| #define HAVE_SYS_SELECT_H 1
| #define HAVE_SYS_MSG_H 1
| #define RETSIGTYPE void
| #define HAVE_DECL_SYS_SIGLIST 1
| #define HAVE_USHORT_TYPEDEF 1
| #define HAVE_ULONG_TYPEDEF 1
| #define HAVE_SYS_SOCKET_H 1
| #define HAVE_BUILTIN_BSWAP32 1
| #define HAVE_BUILTIN_BSWAP64 1
| #define HAVE_VLA 1
| #define GCRY_USE_VISIBILITY 1
| #define HAVE_GCC_ATTRIBUTE_ALIGNED 1
| #define HAVE_GCC_ASM_VOLATILE_MEMORY 1
| #define HAVE_GCC_INLINE_ASM_SSSE3 1
| #define HAVE_GCC_INLINE_ASM_PCLMUL 1
| #define HAVE_GCC_INLINE_ASM_AVX 1
| #define HAVE_GCC_INLINE_ASM_AVX2 1
| #define HAVE_GCC_INLINE_ASM_BMI2 1
| #define HAVE_COMPATIBLE_GCC_AMD64_PLATFORM_AS 1
| #define HAVE_INTEL_SYNTAX_PLATFORM_AS 1
| #define HAVE_VPRINTF 1
| /* end confdefs.h.  */
| /* Define _doprnt to an innocuous variant, in case <limits.h> declares _doprnt.
|    For example, HP-UX 11i <limits.h> declares gettimeofday.  */
| #define _doprnt innocuous__doprnt
| 
| /* System header to define __stub macros and hopefully few prototypes,
|     which can conflict with char _doprnt (); below.
|     Prefer <limits.h> to <assert.h> if __STDC__ is defined, since
|     <limits.h> exists even on freestanding compilers.  */
| 
| #ifdef __STDC__
| # include <limits.h>
| #else
| # include <assert.h>
| #endif
| 
| #undef _doprnt
| 
| /* Override any GCC internal prototype to avoid an error.
|    Use char because int might match the return type of a GCC
|    builtin and then its argument prototype would still apply.  */
| #ifdef __cplusplus
| extern "C"
| #endif
| char _doprnt ();
| /* The GNU C library defines this for functions which it implements
|     to always fail with ENOSYS.  Some functions are actually named
|     something starting with __ and the normal name is an alias.  */
| #if defined __stub__doprnt || defined __stub____doprnt
| choke me
| #endif
| 
| int
| main ()
| {
| return _doprnt ();
|   ;
|   return 0;
| }
configure:16720: result: no
configure:16735: checking for stpcpy
configure:16735: gcc -o conftest -g -O2 -fvisibility=hidden   conftest.c  >&5
conftest.c:91:6: warning: conflicting types for built-in function 'stpcpy'
 char stpcpy ();
      ^~~~~~
configure:16735: $? = 0
configure:16735: result: yes
configure:16735: checking for strcasecmp
configure:16735: gcc -o conftest -g -O2 -fvisibility=hidden   conftest.c  >&5
conftest.c:92:6: warning: conflicting types for built-in function 'strcasecmp'
 char strcasecmp ();
      ^~~~~~~~~~
configure:16735: $? = 0
configure:16735: result: yes
configure:16748: checking for strtoul
configure:16748: gcc -o conftest -g -O2 -fvisibility=hidden   conftest.c  >&5
configure:16748: $? = 0
configure:16748: result: yes
configure:16748: checking for memmove
configure:16748: gcc -o conftest -g -O2 -fvisibility=hidden   conftest.c  >&5
conftest.c:94:6: warning: conflicting types for built-in function 'memmove'
 char memmove ();
      ^~~~~~~
configure:16748: $? = 0
configure:16748: result: yes
configure:16748: checking for stricmp
configure:16748: gcc -o conftest -g -O2 -fvisibility=hidden   conftest.c  >&5
/tmp/ccVytzJZ.o: In function `main':
/home/bernd/mywork/droidhola/libgcrypt-1.6.6/conftest.c:106: undefined reference to `stricmp'
collect2: error: ld returned 1 exit status
configure:16748: $? = 1
configure: failed program was:
| /* confdefs.h */
| #define PACKAGE_NAME "libgcrypt"
| #define PACKAGE_TARNAME "libgcrypt"
| #define PACKAGE_VERSION "1.6.6"
| #define PACKAGE_STRING "libgcrypt 1.6.6"
| #define PACKAGE_BUGREPORT "http://bugs.gnupg.org"
| #define PACKAGE_URL ""
| #define PACKAGE "libgcrypt"
| #define VERSION "1.6.6"
| #define PACKAGE "libgcrypt"
| #define VERSION "1.6.6"
| #define STDC_HEADERS 1
| #define HAVE_SYS_TYPES_H 1
| #define HAVE_SYS_STAT_H 1
| #define HAVE_STDLIB_H 1
| #define HAVE_STRING_H 1
| #define HAVE_MEMORY_H 1
| #define HAVE_STRINGS_H 1
| #define HAVE_INTTYPES_H 1
| #define HAVE_STDINT_H 1
| #define HAVE_UNISTD_H 1
| #define __EXTENSIONS__ 1
| #define _ALL_SOURCE 1
| #define _GNU_SOURCE 1
| #define _POSIX_PTHREAD_SEMANTICS 1
| #define _TANDEM_SOURCE 1
| #define HAVE_DLFCN_H 1
| #define LT_OBJDIR ".libs/"
| #define SIZEOF_UNSIGNED_SHORT 2
| #define SIZEOF_UNSIGNED_INT 4
| #define SIZEOF_UNSIGNED_LONG 8
| #define SIZEOF_UNSIGNED_LONG_LONG 8
| #define SIZEOF_VOID_P 8
| #define HAVE_UINTPTR_T 1
| #define EGD_SOCKET_NAME ""
| #define PRINTABLE_OS_NAME "GNU/Linux"
| #define NAME_OF_DEV_RANDOM "/dev/random"
| #define NAME_OF_DEV_URANDOM "/dev/urandom"
| #define GPG_ERR_SOURCE_DEFAULT GPG_ERR_SOURCE_GCRYPT
| #define USE_POSIX_THREADS 1
| #define USE_POSIX_THREADS_WEAK 1
| #define HAVE_PTHREAD_RWLOCK 1
| #define HAVE_PTHREAD_MUTEX_RECURSIVE 1
| #define STDC_HEADERS 1
| #define HAVE_UNISTD_H 1
| #define HAVE_SYS_SELECT_H 1
| #define HAVE_SYS_MSG_H 1
| #define RETSIGTYPE void
| #define HAVE_DECL_SYS_SIGLIST 1
| #define HAVE_USHORT_TYPEDEF 1
| #define HAVE_ULONG_TYPEDEF 1
| #define HAVE_SYS_SOCKET_H 1
| #define HAVE_BUILTIN_BSWAP32 1
| #define HAVE_BUILTIN_BSWAP64 1
| #define HAVE_VLA 1
| #define GCRY_USE_VISIBILITY 1
| #define HAVE_GCC_ATTRIBUTE_ALIGNED 1
| #define HAVE_GCC_ASM_VOLATILE_MEMORY 1
| #define HAVE_GCC_INLINE_ASM_SSSE3 1
| #define HAVE_GCC_INLINE_ASM_PCLMUL 1
| #define HAVE_GCC_INLINE_ASM_AVX 1
| #define HAVE_GCC_INLINE_ASM_AVX2 1
| #define HAVE_GCC_INLINE_ASM_BMI2 1
| #define HAVE_COMPATIBLE_GCC_AMD64_PLATFORM_AS 1
| #define HAVE_INTEL_SYNTAX_PLATFORM_AS 1
| #define HAVE_VPRINTF 1
| #define HAVE_STPCPY 1
| #define HAVE_STRCASECMP 1
| #define HAVE_STRTOUL 1
| #define HAVE_MEMMOVE 1
| /* end confdefs.h.  */
| /* Define stricmp to an innocuous variant, in case <limits.h> declares stricmp.
|    For example, HP-UX 11i <limits.h> declares gettimeofday.  */
| #define stricmp innocuous_stricmp
| 
| /* System header to define __stub macros and hopefully few prototypes,
|     which can conflict with char stricmp (); below.
|     Prefer <limits.h> to <assert.h> if __STDC__ is defined, since
|     <limits.h> exists even on freestanding compilers.  */
| 
| #ifdef __STDC__
| # include <limits.h>
| #else
| # include <assert.h>
| #endif
| 
| #undef stricmp
| 
| /* Override any GCC internal prototype to avoid an error.
|    Use char because int might match the return type of a GCC
|    builtin and then its argument prototype would still apply.  */
| #ifdef __cplusplus
| extern "C"
| #endif
| char stricmp ();
| /* The GNU C library defines this for functions which it implements
|     to always fail with ENOSYS.  Some functions are actually named
|     something starting with __ and the normal name is an alias.  */
| #if defined __stub_stricmp || defined __stub___stricmp
| choke me
| #endif
| 
| int
| main ()
| {
| return stricmp ();
|   ;
|   return 0;
| }
configure:16748: result: no
configure:16748: checking for atexit
configure:16748: gcc -o conftest -g -O2 -fvisibility=hidden   conftest.c  >&5
configure:16748: $? = 0
configure:16748: result: yes
configure:16748: checking for raise
configure:16748: gcc -o conftest -g -O2 -fvisibility=hidden   conftest.c  >&5
configure:16748: $? = 0
configure:16748: result: yes
configure:16761: checking for strerror
configure:16761: gcc -o conftest -g -O2 -fvisibility=hidden   conftest.c  >&5
configure:16761: $? = 0
configure:16761: result: yes
configure:16761: checking for rand
configure:16761: gcc -o conftest -g -O2 -fvisibility=hidden   conftest.c  >&5
configure:16761: $? = 0
configure:16761: result: yes
configure:16761: checking for mmap
configure:16761: gcc -o conftest -g -O2 -fvisibility=hidden   conftest.c  >&5
configure:16761: $? = 0
configure:16761: result: yes
configure:16761: checking for getpagesize
configure:16761: gcc -o conftest -g -O2 -fvisibility=hidden   conftest.c  >&5
configure:16761: $? = 0
configure:16761: result: yes
configure:16761: checking for sysconf
configure:16761: gcc -o conftest -g -O2 -fvisibility=hidden   conftest.c  >&5
configure:16761: $? = 0
configure:16761: result: yes
configure:16761: checking for waitpid
configure:16761: gcc -o conftest -g -O2 -fvisibility=hidden   conftest.c  >&5
configure:16761: $? = 0
configure:16761: result: yes
configure:16761: checking for wait4
configure:16761: gcc -o conftest -g -O2 -fvisibility=hidden   conftest.c  >&5
configure:16761: $? = 0
configure:16761: result: yes
configure:16773: checking for gettimeofday
configure:16773: gcc -o conftest -g -O2 -fvisibility=hidden   conftest.c  >&5
configure:16773: $? = 0
configure:16773: result: yes
configure:16773: checking for getrusage
configure:16773: gcc -o conftest -g -O2 -fvisibility=hidden   conftest.c  >&5
configure:16773: $? = 0
configure:16773: result: yes
configure:16773: checking for gethrtime
configure:16773: gcc -o conftest -g -O2 -fvisibility=hidden   conftest.c  >&5
/tmp/ccLob72n.o: In function `main':
/home/bernd/mywork/droidhola/libgcrypt-1.6.6/conftest.c:117: undefined reference to `gethrtime'
collect2: error: ld returned 1 exit status
configure:16773: $? = 1
configure: failed program was:
| /* confdefs.h */
| #define PACKAGE_NAME "libgcrypt"
| #define PACKAGE_TARNAME "libgcrypt"
| #define PACKAGE_VERSION "1.6.6"
| #define PACKAGE_STRING "libgcrypt 1.6.6"
| #define PACKAGE_BUGREPORT "http://bugs.gnupg.org"
| #define PACKAGE_URL ""
| #define PACKAGE "libgcrypt"
| #define VERSION "1.6.6"
| #define PACKAGE "libgcrypt"
| #define VERSION "1.6.6"
| #define STDC_HEADERS 1
| #define HAVE_SYS_TYPES_H 1
| #define HAVE_SYS_STAT_H 1
| #define HAVE_STDLIB_H 1
| #define HAVE_STRING_H 1
| #define HAVE_MEMORY_H 1
| #define HAVE_STRINGS_H 1
| #define HAVE_INTTYPES_H 1
| #define HAVE_STDINT_H 1
| #define HAVE_UNISTD_H 1
| #define __EXTENSIONS__ 1
| #define _ALL_SOURCE 1
| #define _GNU_SOURCE 1
| #define _POSIX_PTHREAD_SEMANTICS 1
| #define _TANDEM_SOURCE 1
| #define HAVE_DLFCN_H 1
| #define LT_OBJDIR ".libs/"
| #define SIZEOF_UNSIGNED_SHORT 2
| #define SIZEOF_UNSIGNED_INT 4
| #define SIZEOF_UNSIGNED_LONG 8
| #define SIZEOF_UNSIGNED_LONG_LONG 8
| #define SIZEOF_VOID_P 8
| #define HAVE_UINTPTR_T 1
| #define EGD_SOCKET_NAME ""
| #define PRINTABLE_OS_NAME "GNU/Linux"
| #define NAME_OF_DEV_RANDOM "/dev/random"
| #define NAME_OF_DEV_URANDOM "/dev/urandom"
| #define GPG_ERR_SOURCE_DEFAULT GPG_ERR_SOURCE_GCRYPT
| #define USE_POSIX_THREADS 1
| #define USE_POSIX_THREADS_WEAK 1
| #define HAVE_PTHREAD_RWLOCK 1
| #define HAVE_PTHREAD_MUTEX_RECURSIVE 1
| #define STDC_HEADERS 1
| #define HAVE_UNISTD_H 1
| #define HAVE_SYS_SELECT_H 1
| #define HAVE_SYS_MSG_H 1
| #define RETSIGTYPE void
| #define HAVE_DECL_SYS_SIGLIST 1
| #define HAVE_USHORT_TYPEDEF 1
| #define HAVE_ULONG_TYPEDEF 1
| #define HAVE_SYS_SOCKET_H 1
| #define HAVE_BUILTIN_BSWAP32 1
| #define HAVE_BUILTIN_BSWAP64 1
| #define HAVE_VLA 1
| #define GCRY_USE_VISIBILITY 1
| #define HAVE_GCC_ATTRIBUTE_ALIGNED 1
| #define HAVE_GCC_ASM_VOLATILE_MEMORY 1
| #define HAVE_GCC_INLINE_ASM_SSSE3 1
| #define HAVE_GCC_INLINE_ASM_PCLMUL 1
| #define HAVE_GCC_INLINE_ASM_AVX 1
| #define HAVE_GCC_INLINE_ASM_AVX2 1
| #define HAVE_GCC_INLINE_ASM_BMI2 1
| #define HAVE_COMPATIBLE_GCC_AMD64_PLATFORM_AS 1
| #define HAVE_INTEL_SYNTAX_PLATFORM_AS 1
| #define HAVE_VPRINTF 1
| #define HAVE_STPCPY 1
| #define HAVE_STRCASECMP 1
| #define HAVE_STRTOUL 1
| #define HAVE_MEMMOVE 1
| #define HAVE_ATEXIT 1
| #define HAVE_RAISE 1
| #define HAVE_STRERROR 1
| #define HAVE_RAND 1
| #define HAVE_MMAP 1
| #define HAVE_GETPAGESIZE 1
| #define HAVE_SYSCONF 1
| #define HAVE_WAITPID 1
| #define HAVE_WAIT4 1
| #define HAVE_GETTIMEOFDAY 1
| #define HAVE_GETRUSAGE 1
| /* end confdefs.h.  */
| /* Define gethrtime to an innocuous variant, in case <limits.h> declares gethrtime.
|    For example, HP-UX 11i <limits.h> declares gettimeofday.  */
| #define gethrtime innocuous_gethrtime
| 
| /* System header to define __stub macros and hopefully few prototypes,
|     which can conflict with char gethrtime (); below.
|     Prefer <limits.h> to <assert.h> if __STDC__ is defined, since
|     <limits.h> exists even on freestanding compilers.  */
| 
| #ifdef __STDC__
| # include <limits.h>
| #else
| # include <assert.h>
| #endif
| 
| #undef gethrtime
| 
| /* Override any GCC internal prototype to avoid an error.
|    Use char because int might match the return type of a GCC
|    builtin and then its argument prototype would still apply.  */
| #ifdef __cplusplus
| extern "C"
| #endif
| char gethrtime ();
| /* The GNU C library defines this for functions which it implements
|     to always fail with ENOSYS.  Some functions are actually named
|     something starting with __ and the normal name is an alias.  */
| #if defined __stub_gethrtime || defined __stub___gethrtime
| choke me
| #endif
| 
| int
| main ()
| {
| return gethrtime ();
|   ;
|   return 0;
| }
configure:16773: result: no
configure:16773: checking for clock_gettime
configure:16773: gcc -o conftest -g -O2 -fvisibility=hidden   conftest.c  >&5
configure:16773: $? = 0
configure:16773: result: yes
configure:16773: checking for syslog
configure:16773: gcc -o conftest -g -O2 -fvisibility=hidden   conftest.c  >&5
configure:16773: $? = 0
configure:16773: result: yes
configure:16785: checking for fcntl
configure:16785: gcc -o conftest -g -O2 -fvisibility=hidden   conftest.c  >&5
configure:16785: $? = 0
configure:16785: result: yes
configure:16785: checking for ftruncate
configure:16785: gcc -o conftest -g -O2 -fvisibility=hidden   conftest.c  >&5
configure:16785: $? = 0
configure:16785: result: yes
configure:16785: checking for flockfile
configure:16785: gcc -o conftest -g -O2 -fvisibility=hidden   conftest.c  >&5
configure:16785: $? = 0
configure:16785: result: yes
configure:16797: checking for mlock
configure:16797: gcc -o conftest -g -O2 -fvisibility=hidden   conftest.c  >&5
configure:16797: $? = 0
configure:16797: result: yes
configure:16921: checking for sysconf
configure:16921: result: yes
configure:16921: checking for getpagesize
configure:16921: result: yes
configure:16930: checking whether mlock is broken
configure:16980: gcc -o conftest -g -O2 -fvisibility=hidden   conftest.c  >&5
configure:16980: $? = 0
configure:16980: ./conftest
configure:16980: $? = 0
configure:17000: result: no
configure:17013: checking for getpid
configure:17013: gcc -o conftest -g -O2 -fvisibility=hidden   conftest.c  >&5
configure:17013: $? = 0
configure:17013: result: yes
configure:17026: checking for clock
configure:17026: gcc -o conftest -g -O2 -fvisibility=hidden   conftest.c  >&5
configure:17026: $? = 0
configure:17026: result: yes
configure:17211: checking for random device
configure:17219: result: yes
configure:17375: checking whether non excutable stack support is requested
configure:17384: result: yes
configure:17387: checking whether assembler supports --noexecstack option
configure:17397: gcc -g -O2 -fvisibility=hidden -Wall 
                     -S -o conftest.s conftest.c >/dev/null
configure:17400: $? = 0
configure:17405: gcc -g -O2  -Wa,--noexecstack
                       -c -o conftest.o conftest.s >/dev/null
configure:17408: $? = 0
configure:17417: result: yes
configure:18461: checking that generated files are newer than configure
configure:18467: result: done
configure:18595: creating ./config.status

## ---------------------- ##
## Running config.status. ##
## ---------------------- ##

This file was extended by libgcrypt config.status 1.6.6, which was
generated by GNU Autoconf 2.69.  Invocation command line was

  CONFIG_FILES    = 
  CONFIG_HEADERS  = 
  CONFIG_LINKS    = 
  CONFIG_COMMANDS = 
  $ ./config.status 

on curacao.berndnet

config.status:1368: creating Makefile
config.status:1368: creating m4/Makefile
config.status:1368: creating compat/Makefile
config.status:1368: creating mpi/Makefile
config.status:1368: creating cipher/Makefile
config.status:1368: creating random/Makefile
config.status:1368: creating doc/Makefile
config.status:1368: creating src/Makefile
config.status:1368: creating src/gcrypt.h
config.status:1368: creating src/libgcrypt-config
config.status:1368: creating src/versioninfo.rc
config.status:1368: creating tests/Makefile
config.status:1368: creating tests/hashtest-256g
config.status:1368: creating config.h
config.status:1609: linking mpi/amd64/mpih-add1.S to mpi/mpih-add1-asm.S
config.status:1609: linking mpi/amd64/mpih-sub1.S to mpi/mpih-sub1-asm.S
config.status:1609: linking mpi/amd64/mpih-mul1.S to mpi/mpih-mul1-asm.S
config.status:1609: linking mpi/amd64/mpih-mul2.S to mpi/mpih-mul2-asm.S
config.status:1609: linking mpi/amd64/mpih-mul3.S to mpi/mpih-mul3-asm.S
config.status:1609: linking mpi/amd64/mpih-lshift.S to mpi/mpih-lshift-asm.S
config.status:1609: linking mpi/amd64/mpih-rshift.S to mpi/mpih-rshift-asm.S
config.status:1609: linking mpi/generic/mpi-asm-defs.h to mpi/mpi-asm-defs.h
config.status:1628: executing depfiles commands
config.status:1628: executing libtool commands
config.status:1628: executing gcrypt-conf commands

## ---------------- ##
## Cache variables. ##
## ---------------- ##

ac_cv_build=x86_64-unknown-linux-gnu
ac_cv_c_bigendian=no
ac_cv_c_compiler_gnu=yes
ac_cv_c_const=yes
ac_cv_c_inline=inline
ac_cv_env_CCASFLAGS_set=
ac_cv_env_CCASFLAGS_value=
ac_cv_env_CCAS_set=
ac_cv_env_CCAS_value=
ac_cv_env_CC_FOR_BUILD_set=
ac_cv_env_CC_FOR_BUILD_value=
ac_cv_env_CC_set=
ac_cv_env_CC_value=
ac_cv_env_CFLAGS_set=
ac_cv_env_CFLAGS_value=
ac_cv_env_CPPFLAGS_set=
ac_cv_env_CPPFLAGS_value=
ac_cv_env_CPP_set=
ac_cv_env_CPP_value=
ac_cv_env_LDFLAGS_set=
ac_cv_env_LDFLAGS_value=
ac_cv_env_LIBS_set=
ac_cv_env_LIBS_value=
ac_cv_env_build_alias_set=
ac_cv_env_build_alias_value=
ac_cv_env_host_alias_set=
ac_cv_env_host_alias_value=
ac_cv_env_target_alias_set=
ac_cv_env_target_alias_value=
ac_cv_func__doprnt=no
ac_cv_func_atexit=yes
ac_cv_func_clock=yes
ac_cv_func_clock_gettime=yes
ac_cv_func_fcntl=yes
ac_cv_func_flockfile=yes
ac_cv_func_ftruncate=yes
ac_cv_func_gethrtime=no
ac_cv_func_getpagesize=yes
ac_cv_func_getpid=yes
ac_cv_func_getrusage=yes
ac_cv_func_gettimeofday=yes
ac_cv_func_memmove=yes
ac_cv_func_mlock=yes
ac_cv_func_mmap=yes
ac_cv_func_raise=yes
ac_cv_func_rand=yes
ac_cv_func_stpcpy=yes
ac_cv_func_strcasecmp=yes
ac_cv_func_strerror=yes
ac_cv_func_stricmp=no
ac_cv_func_strtoul=yes
ac_cv_func_sysconf=yes
ac_cv_func_syslog=yes
ac_cv_func_vprintf=yes
ac_cv_func_wait4=yes
ac_cv_func_waitpid=yes
ac_cv_have_decl_sys_siglist=yes
ac_cv_have_dev_random=yes
ac_cv_header_dlfcn_h=yes
ac_cv_header_inttypes_h=yes
ac_cv_header_memory_h=yes
ac_cv_header_minix_config_h=no
ac_cv_header_pthread_h=yes
ac_cv_header_stdc=yes
ac_cv_header_stdint_h=yes
ac_cv_header_stdlib_h=yes
ac_cv_header_string_h=yes
ac_cv_header_strings_h=yes
ac_cv_header_sys_msg_h=yes
ac_cv_header_sys_select_h=yes
ac_cv_header_sys_socket_h=yes
ac_cv_header_sys_stat_h=yes
ac_cv_header_sys_types_h=yes
ac_cv_header_unistd_h=yes
ac_cv_host=x86_64-unknown-linux-gnu
ac_cv_lib_pthread_pthread_kill=yes
ac_cv_mpi_sflags=
ac_cv_objext=o
ac_cv_path_EGREP='/usr/bin/grep -E'
ac_cv_path_FGREP='/usr/bin/grep -F'
ac_cv_path_GREP=/usr/bin/grep
ac_cv_path_SED=/usr/bin/sed
ac_cv_path_ac_pt_GPG_ERROR_CONFIG=/usr/local/bin/gpg-error-config
ac_cv_path_install='/usr/bin/install -c'
ac_cv_path_mkdir=/usr/bin/mkdir
ac_cv_prog_AWK=gawk
ac_cv_prog_CPP='gcc -E'
ac_cv_prog_ac_ct_AR=ar
ac_cv_prog_ac_ct_CC=gcc
ac_cv_prog_ac_ct_OBJDUMP=objdump
ac_cv_prog_ac_ct_RANLIB=ranlib
ac_cv_prog_ac_ct_STRIP=strip
ac_cv_prog_cc_c89=
ac_cv_prog_cc_g=yes
ac_cv_prog_make_make_set=yes
ac_cv_safe_to_define___extensions__=yes
ac_cv_search_setsockopt='none required'
ac_cv_search_strerror='none required'
ac_cv_sizeof_unsigned_int=4
ac_cv_sizeof_unsigned_long=8
ac_cv_sizeof_unsigned_long_long=8
ac_cv_sizeof_unsigned_short=2
ac_cv_sizeof_void_p=8
ac_cv_sys_symbol_underscore=no
ac_cv_type_pid_t=yes
ac_cv_type_pthread_rwlock_t=yes
ac_cv_type_signal=void
ac_cv_type_size_t=yes
ac_cv_type_socklen_t=yes
ac_cv_type_uintptr_t=yes
am_cv_CCAS_dependencies_compiler_type=gcc3
am_cv_CC_dependencies_compiler_type=gcc3
am_cv_make_support_nested_variables=yes
am_cv_prog_cc_c_o=yes
cl_cv_as_noexecstack=yes
gcry_cv_broken_alias_attribute=no
gcry_cv_broken_visibility_attribute=no
gcry_cv_cc_arm_arch_is_v6=n/a
gcry_cv_gcc_amd64_platform_as_ok=yes
gcry_cv_gcc_arm_platform_as_ok=no
gcry_cv_gcc_attribute_aligned=yes
gcry_cv_gcc_has_f_visibility=yes
gcry_cv_gcc_inline_asm_avx2=yes
gcry_cv_gcc_inline_asm_avx=yes
gcry_cv_gcc_inline_asm_bmi2=yes
gcry_cv_gcc_inline_asm_neon=n/a
gcry_cv_gcc_inline_asm_pclmul=yes
gcry_cv_gcc_inline_asm_ssse3=yes
gcry_cv_gcc_platform_as_ok_for_intel_syntax=yes
gcry_cv_have___asm__=yes
gcry_cv_have_asm=yes
gcry_cv_have_asm_volatile_memory=yes
gcry_cv_have_builtin_bswap32=yes
gcry_cv_have_builtin_bswap64=yes
gcry_cv_have_vla=yes
gcry_cv_visibility_attribute=yes
gl_cv_have_weak=yes
gnupg_cv_have_broken_mlock=no
gnupg_cv_typedef_byte=no
gnupg_cv_typedef_u16=no
gnupg_cv_typedef_u32=no
gnupg_cv_typedef_ulong=yes
gnupg_cv_typedef_ushort=yes
lt_cv_ar_at_file=@
lt_cv_archive_cmds_need_lc=no
lt_cv_deplibs_check_method=pass_all
lt_cv_file_magic_cmd='$MAGIC_CMD'
lt_cv_file_magic_test_file=
lt_cv_ld_reload_flag=-r
lt_cv_nm_interface='BSD nm'
lt_cv_objdir=.libs
lt_cv_path_LD=/usr/bin/ld
lt_cv_path_NM='/usr/bin/nm -B'
lt_cv_path_mainfest_tool=no
lt_cv_prog_compiler_c_o=yes
lt_cv_prog_compiler_c_o_RC=yes
lt_cv_prog_compiler_pic='-fPIC -DPIC'
lt_cv_prog_compiler_pic_works=yes
lt_cv_prog_compiler_rtti_exceptions=no
lt_cv_prog_compiler_static_works=no
lt_cv_prog_gnu_ld=yes
lt_cv_sharedlib_from_linklib_cmd='printf %s\n'
lt_cv_shlibpath_overrides_runpath=no
lt_cv_sys_global_symbol_pipe='sed -n -e '\''s/^.*[	 ]\([ABCDGIRSTW][ABCDGIRSTW]*\)[	 ][	 ]*\([_A-Za-z][_A-Za-z0-9]*\)$/\1 \2 \2/p'\'' | sed '\''/ __gnu_lto/d'\'''
lt_cv_sys_global_symbol_to_c_name_address='sed -n -e '\''s/^: \([^ ]*\)[ ]*$/  {\"\1\", (void *) 0},/p'\'' -e '\''s/^[ABCDGIRSTW]* \([^ ]*\) \([^ ]*\)$/  {"\2", (void *) \&\2},/p'\'''
lt_cv_sys_global_symbol_to_c_name_address_lib_prefix='sed -n -e '\''s/^: \([^ ]*\)[ ]*$/  {\"\1\", (void *) 0},/p'\'' -e '\''s/^[ABCDGIRSTW]* \([^ ]*\) \(lib[^ ]*\)$/  {"\2", (void *) \&\2},/p'\'' -e '\''s/^[ABCDGIRSTW]* \([^ ]*\) \([^ ]*\)$/  {"lib\2", (void *) \&\2},/p'\'''
lt_cv_sys_global_symbol_to_cdecl='sed -n -e '\''s/^T .* \(.*\)$/extern int \1();/p'\'' -e '\''s/^[ABCDGIRSTW]* .* \(.*\)$/extern char \1;/p'\'''
lt_cv_sys_max_cmd_len=1572864
lt_cv_to_host_file_cmd=func_convert_file_noop
lt_cv_to_tool_file_cmd=func_convert_file_noop

## ----------------- ##
## Output variables. ##
## ----------------- ##

ACLOCAL='${SHELL} /home/bernd/mywork/droidhola/libgcrypt-1.6.6/build-aux/missing aclocal-1.14'
AMDEPBACKSLASH='\'
AMDEP_FALSE='#'
AMDEP_TRUE=''
AMTAR='$${TAR-tar}'
AM_BACKSLASH='\'
AM_DEFAULT_V='$(AM_DEFAULT_VERBOSITY)'
AM_DEFAULT_VERBOSITY='1'
AM_V='$(V)'
AR='ar'
AS='as'
AUTOCONF='${SHELL} /home/bernd/mywork/droidhola/libgcrypt-1.6.6/build-aux/missing autoconf'
AUTOHEADER='${SHELL} /home/bernd/mywork/droidhola/libgcrypt-1.6.6/build-aux/missing autoheader'
AUTOMAKE='${SHELL} /home/bernd/mywork/droidhola/libgcrypt-1.6.6/build-aux/missing automake-1.14'
AWK='gawk'
BUILD_FILEVERSION='1,6,6,57999'
BUILD_REVISION='e28f3f3'
BUILD_TIMESTAMP='2016-12-26T23:29+0000'
CC='gcc'
CCAS='gcc'
CCASDEPMODE='depmode=gcc3'
CCASFLAGS='-g -O2'
CCDEPMODE='depmode=gcc3'
CC_FOR_BUILD='gcc'
CFLAGS='-g -O2 -fvisibility=hidden -Wall'
CPP='gcc -E'
CPPFLAGS=''
CROSS_COMPILING_FALSE=''
CROSS_COMPILING_TRUE='#'
CYGPATH_W='echo'
DEFS='-DHAVE_CONFIG_H'
DEPDIR='.deps'
DLLTOOL='false'
DL_LIBS=''
DSYMUTIL=''
DUMPBIN=''
ECHO_C=''
ECHO_N='-n'
ECHO_T=''
EGREP='/usr/bin/grep -E'
ENABLE_O_FLAG_MUNGING_FALSE='#'
ENABLE_O_FLAG_MUNGING_TRUE=''
EXEEXT=''
FALLBACK_SOCKLEN_T='typedef socklen_t gcry_socklen_t;'
FGREP='/usr/bin/grep -F'
GCRYPT_CIPHERS=' arcfour.lo blowfish.lo blowfish-amd64.lo cast5.lo cast5-amd64.lo des.lo rijndael.lo rijndael-amd64.lo twofish.lo twofish-amd64.lo serpent.lo serpent-sse2-amd64.lo serpent-avx2-amd64.lo rfc2268.lo seed.lo camellia.lo camellia-glue.lo camellia-aesni-avx-amd64.lo camellia-aesni-avx2-amd64.lo idea.lo salsa20.lo salsa20-amd64.lo gost28147.lo'
GCRYPT_DIGESTS=' crc.lo gostr3411-94.lo stribog.lo md4.lo md5.lo sha256.lo sha256-ssse3-amd64.lo sha512.lo sha512-ssse3-amd64.lo sha512-avx-amd64.lo sha512-avx2-bmi2-amd64.lo tiger.lo whirlpool.lo rmd160.lo sha1.lo sha1-ssse3-amd64.lo'
GCRYPT_HWF_MODULES='hwf-x86.lo'
GCRYPT_KDFS=' scrypt.lo'
GCRYPT_PUBKEY_CIPHERS=' dsa.lo rsa.lo elgamal.lo                           ecc.lo ecc-curves.lo ecc-misc.lo                           ecc-ecdsa.lo ecc-eddsa.lo ecc-gost.lo'
GCRYPT_RANDOM=' rndlinux.lo'
GPG_ERROR_CFLAGS='-I/usr/local/include'
GPG_ERROR_CONFIG='/usr/local/bin/gpg-error-config'
GPG_ERROR_LIBS='-L/usr/local/lib -lgpg-error'
GREP='/usr/bin/grep'
HAVE_LD_VERSION_SCRIPT_FALSE='#'
HAVE_LD_VERSION_SCRIPT_TRUE=''
HAVE_W32CE_SYSTEM_FALSE=''
HAVE_W32CE_SYSTEM_TRUE='#'
HAVE_W32_SYSTEM_FALSE=''
HAVE_W32_SYSTEM_TRUE='#'
INSERT_SYS_SELECT_H=' include <sys/select.h>'
INSTALL_DATA='${INSTALL} -m 644'
INSTALL_PROGRAM='${INSTALL}'
INSTALL_SCRIPT='${INSTALL}'
INSTALL_STRIP_PROGRAM='$(install_sh) -c -s'
LD='/usr/bin/ld -m elf_x86_64'
LDFLAGS=''
LIBGCRYPT_CIPHERS='arcfour blowfish cast5 des aes twofish serpent rfc2268 seed camellia idea salsa20 gost28147'
LIBGCRYPT_CONFIG_API_VERSION='1'
LIBGCRYPT_CONFIG_CFLAGS=''
LIBGCRYPT_CONFIG_HOST='x86_64-unknown-linux-gnu'
LIBGCRYPT_CONFIG_LIBS='-lgcrypt'
LIBGCRYPT_DIGESTS='crc gostr3411-94 md4 md5 rmd160 sha1 sha256 sha512 tiger whirlpool stribog'
LIBGCRYPT_LT_AGE='0'
LIBGCRYPT_LT_CURRENT='20'
LIBGCRYPT_LT_REVISION='6'
LIBGCRYPT_PUBKEY_CIPHERS='dsa elgamal rsa ecc'
LIBGCRYPT_THREAD_MODULES=''
LIBMULTITHREAD='-lpthread'
LIBOBJS=''
LIBS=''
LIBTHREAD=''
LIBTOOL='$(SHELL) $(top_builddir)/libtool'
LIPO=''
LN_S='ln -s'
LTLIBMULTITHREAD='-lpthread'
LTLIBOBJS=''
LTLIBTHREAD=''
MAINT='#'
MAINTAINER_MODE_FALSE=''
MAINTAINER_MODE_TRUE='#'
MAKEINFO='${SHELL} /home/bernd/mywork/droidhola/libgcrypt-1.6.6/build-aux/missing makeinfo'
MANIFEST_TOOL=':'
MKDIR_P='/usr/bin/mkdir -p'
MPI_MOD_ASM_MPIH_ADD1_FALSE='#'
MPI_MOD_ASM_MPIH_ADD1_TRUE=''
MPI_MOD_ASM_MPIH_LSHIFT_FALSE='#'
MPI_MOD_ASM_MPIH_LSHIFT_TRUE=''
MPI_MOD_ASM_MPIH_MUL1_FALSE='#'
MPI_MOD_ASM_MPIH_MUL1_TRUE=''
MPI_MOD_ASM_MPIH_MUL2_FALSE='#'
MPI_MOD_ASM_MPIH_MUL2_TRUE=''
MPI_MOD_ASM_MPIH_MUL3_FALSE='#'
MPI_MOD_ASM_MPIH_MUL3_TRUE=''
MPI_MOD_ASM_MPIH_RSHIFT_FALSE='#'
MPI_MOD_ASM_MPIH_RSHIFT_TRUE=''
MPI_MOD_ASM_MPIH_SUB1_FALSE='#'
MPI_MOD_ASM_MPIH_SUB1_TRUE=''
MPI_MOD_ASM_UDIV_FALSE=''
MPI_MOD_ASM_UDIV_QRNND_FALSE=''
MPI_MOD_ASM_UDIV_QRNND_TRUE='#'
MPI_MOD_ASM_UDIV_TRUE='#'
MPI_MOD_C_MPIH_ADD1_FALSE=''
MPI_MOD_C_MPIH_ADD1_TRUE='#'
MPI_MOD_C_MPIH_LSHIFT_FALSE=''
MPI_MOD_C_MPIH_LSHIFT_TRUE='#'
MPI_MOD_C_MPIH_MUL1_FALSE=''
MPI_MOD_C_MPIH_MUL1_TRUE='#'
MPI_MOD_C_MPIH_MUL2_FALSE=''
MPI_MOD_C_MPIH_MUL2_TRUE='#'
MPI_MOD_C_MPIH_MUL3_FALSE=''
MPI_MOD_C_MPIH_MUL3_TRUE='#'
MPI_MOD_C_MPIH_RSHIFT_FALSE=''
MPI_MOD_C_MPIH_RSHIFT_TRUE='#'
MPI_MOD_C_MPIH_SUB1_FALSE=''
MPI_MOD_C_MPIH_SUB1_TRUE='#'
MPI_MOD_C_UDIV_FALSE=''
MPI_MOD_C_UDIV_QRNND_FALSE=''
MPI_MOD_C_UDIV_QRNND_TRUE='#'
MPI_MOD_C_UDIV_TRUE='#'
MPI_SFLAGS=''
NM='/usr/bin/nm -B'
NMEDIT=''
NOEXECSTACK_FLAGS='-Wa,--noexecstack'
OBJDUMP='objdump'
OBJEXT='o'
OTOOL64=''
OTOOL=''
PACKAGE='libgcrypt'
PACKAGE_BUGREPORT='http://bugs.gnupg.org'
PACKAGE_NAME='libgcrypt'
PACKAGE_STRING='libgcrypt 1.6.6'
PACKAGE_TARNAME='libgcrypt'
PACKAGE_URL=''
PACKAGE_VERSION='1.6.6'
PATH_SEPARATOR=':'
PTH_CFLAGS=''
PTH_CONFIG=''
PTH_LIBS=''
RANLIB='ranlib'
RC=''
RUN_LARGE_DATA_TESTS='no'
SED='/usr/bin/sed'
SET_MAKE=''
SHELL='/bin/sh'
STRIP='strip'
SYS_SOCKET_H=''
USE_RANDOM_DAEMON_FALSE=''
USE_RANDOM_DAEMON_TRUE='#'
VERSION='1.6.6'
VERSION_NUMBER='0x010606'
ac_ct_AR='ar'
ac_ct_CC='gcc'
ac_ct_DUMPBIN=''
am__EXEEXT_FALSE=''
am__EXEEXT_TRUE='#'
am__fastdepCCAS_FALSE='#'
am__fastdepCCAS_TRUE=''
am__fastdepCC_FALSE='#'
am__fastdepCC_TRUE=''
am__include='include'
am__isrc=''
am__leading_dot='.'
am__nodep='_no'
am__quote=''
am__tar='$${TAR-tar} chof - "$$tardir"'
am__untar='$${TAR-tar} xf -'
bindir='${exec_prefix}/bin'
build='x86_64-unknown-linux-gnu'
build_alias=''
build_cpu='x86_64'
build_os='linux-gnu'
build_vendor='unknown'
datadir='${datarootdir}'
datarootdir='${prefix}/share'
docdir='${datarootdir}/doc/${PACKAGE_TARNAME}'
dvidir='${docdir}'
emacs_local_vars_begin='Local Variables:'
emacs_local_vars_end='End:'
emacs_local_vars_read_only='buffer-read-only: t'
exec_prefix='${prefix}'
host='x86_64-unknown-linux-gnu'
host_alias=''
host_cpu='x86_64'
host_os='linux-gnu'
host_vendor='unknown'
htmldir='${docdir}'
includedir='${prefix}/include'
infodir='${datarootdir}/info'
install_sh='${SHELL} /home/bernd/mywork/droidhola/libgcrypt-1.6.6/build-aux/install-sh'
libdir='${exec_prefix}/lib'
libexecdir='${exec_prefix}/libexec'
localedir='${datarootdir}/locale'
localstatedir='${prefix}/var'
mandir='${datarootdir}/man'
mkdir_p='$(MKDIR_P)'
oldincludedir='/usr/include'
pdfdir='${docdir}'
prefix='/usr/local'
program_transform_name='s,x,x,'
psdir='${docdir}'
sbindir='${exec_prefix}/sbin'
sharedstatedir='${prefix}/com'
sysconfdir='${prefix}/etc'
target_alias=''

## ----------- ##
## confdefs.h. ##
## ----------- ##

/* confdefs.h */
#define PACKAGE_NAME "libgcrypt"
#define PACKAGE_TARNAME "libgcrypt"
#define PACKAGE_VERSION "1.6.6"
#define PACKAGE_STRING "libgcrypt 1.6.6"
#define PACKAGE_BUGREPORT "http://bugs.gnupg.org"
#define PACKAGE_URL ""
#define PACKAGE "libgcrypt"
#define VERSION "1.6.6"
#define PACKAGE "libgcrypt"
#define VERSION "1.6.6"
#define STDC_HEADERS 1
#define HAVE_SYS_TYPES_H 1
#define HAVE_SYS_STAT_H 1
#define HAVE_STDLIB_H 1
#define HAVE_STRING_H 1
#define HAVE_MEMORY_H 1
#define HAVE_STRINGS_H 1
#define HAVE_INTTYPES_H 1
#define HAVE_STDINT_H 1
#define HAVE_UNISTD_H 1
#define __EXTENSIONS__ 1
#define _ALL_SOURCE 1
#define _GNU_SOURCE 1
#define _POSIX_PTHREAD_SEMANTICS 1
#define _TANDEM_SOURCE 1
#define HAVE_DLFCN_H 1
#define LT_OBJDIR ".libs/"
#define SIZEOF_UNSIGNED_SHORT 2
#define SIZEOF_UNSIGNED_INT 4
#define SIZEOF_UNSIGNED_LONG 8
#define SIZEOF_UNSIGNED_LONG_LONG 8
#define SIZEOF_VOID_P 8
#define HAVE_UINTPTR_T 1
#define EGD_SOCKET_NAME ""
#define PRINTABLE_OS_NAME "GNU/Linux"
#define NAME_OF_DEV_RANDOM "/dev/random"
#define NAME_OF_DEV_URANDOM "/dev/urandom"
#define GPG_ERR_SOURCE_DEFAULT GPG_ERR_SOURCE_GCRYPT
#define USE_POSIX_THREADS 1
#define USE_POSIX_THREADS_WEAK 1
#define HAVE_PTHREAD_RWLOCK 1
#define HAVE_PTHREAD_MUTEX_RECURSIVE 1
#define STDC_HEADERS 1
#define HAVE_UNISTD_H 1
#define HAVE_SYS_SELECT_H 1
#define HAVE_SYS_MSG_H 1
#define RETSIGTYPE void
#define HAVE_DECL_SYS_SIGLIST 1
#define HAVE_USHORT_TYPEDEF 1
#define HAVE_ULONG_TYPEDEF 1
#define HAVE_SYS_SOCKET_H 1
#define HAVE_BUILTIN_BSWAP32 1
#define HAVE_BUILTIN_BSWAP64 1
#define HAVE_VLA 1
#define GCRY_USE_VISIBILITY 1
#define HAVE_GCC_ATTRIBUTE_ALIGNED 1
#define HAVE_GCC_ASM_VOLATILE_MEMORY 1
#define HAVE_GCC_INLINE_ASM_SSSE3 1
#define HAVE_GCC_INLINE_ASM_PCLMUL 1
#define HAVE_GCC_INLINE_ASM_AVX 1
#define HAVE_GCC_INLINE_ASM_AVX2 1
#define HAVE_GCC_INLINE_ASM_BMI2 1
#define HAVE_COMPATIBLE_GCC_AMD64_PLATFORM_AS 1
#define HAVE_INTEL_SYNTAX_PLATFORM_AS 1
#define HAVE_VPRINTF 1
#define HAVE_STPCPY 1
#define HAVE_STRCASECMP 1
#define HAVE_STRTOUL 1
#define HAVE_MEMMOVE 1
#define HAVE_ATEXIT 1
#define HAVE_RAISE 1
#define HAVE_STRERROR 1
#define HAVE_RAND 1
#define HAVE_MMAP 1
#define HAVE_GETPAGESIZE 1
#define HAVE_SYSCONF 1
#define HAVE_WAITPID 1
#define HAVE_WAIT4 1
#define HAVE_GETTIMEOFDAY 1
#define HAVE_GETRUSAGE 1
#define HAVE_CLOCK_GETTIME 1
#define HAVE_SYSLOG 1
#define HAVE_FCNTL 1
#define HAVE_FTRUNCATE 1
#define HAVE_FLOCKFILE 1
#define HAVE_MLOCK 1
#define HAVE_SYSCONF 1
#define HAVE_GETPAGESIZE 1
#define HAVE_GETPID 1
#define HAVE_CLOCK 1
#define HAVE_DEV_RANDOM 1
#define ENABLE_AESNI_SUPPORT 1
#define ENABLE_PCLMUL_SUPPORT 1
#define ENABLE_AVX_SUPPORT 1
#define ENABLE_AVX2_SUPPORT 1
#define ENABLE_PADLOCK_SUPPORT 1
#define ENABLE_DRNG_SUPPORT 1
#define USE_ARCFOUR 1
#define USE_BLOWFISH 1
#define USE_CAST5 1
#define USE_DES 1
#define USE_AES 1
#define USE_TWOFISH 1
#define USE_SERPENT 1
#define USE_RFC2268 1
#define USE_SEED 1
#define USE_CAMELLIA 1
#define USE_IDEA 1
#define USE_SALSA20 1
#define USE_GOST28147 1
#define USE_DSA 1
#define USE_RSA 1
#define USE_ELGAMAL 1
#define USE_ECC 1
#define USE_CRC 1
#define USE_GOST_R_3411_94 1
#define USE_GOST_R_3411_12 1
#define USE_MD4 1
#define USE_MD5 1
#define USE_SHA256 1
#define USE_SHA512 1
#define USE_TIGER 1
#define USE_WHIRLPOOL 1
#define USE_RMD160 1
#define USE_SHA1 1
#define USE_SCRYPT 1
#define USE_RNDLINUX 1
#define LIBGCRYPT_CIPHERS "arcfour:blowfish:cast5:des:aes:twofish:serpent:rfc2268:seed:camellia:idea:salsa20:gost28147"
#define LIBGCRYPT_PUBKEY_CIPHERS "dsa:elgamal:rsa:ecc"
#define LIBGCRYPT_DIGESTS "crc:gostr3411-94:md4:md5:rmd160:sha1:sha256:sha512:tiger:whirlpool:stribog"
#define LIBGCRYPT_KDFS "s2k:pkdf2:scrypt"
#define HAVE_CPU_ARCH_X86 1
#define BUILD_REVISION "e28f3f3"
#define BUILD_TIMESTAMP "2016-12-26T23:29+0000"

configure: exit 0
